<?xml version="1.0" encoding="UTF-8"?>
<testsuite xmlns:xsi="http://www.w3.org/2001/XMLSchema-instance" xsi:noNamespaceSchemaLocation="https://maven.apache.org/surefire/maven-surefire-plugin/xsd/surefire-test-report.xsd" name="RegressionTest" time="0.182" tests="2235" errors="0" skipped="0" failures="0">
  <properties>
    <property name="java.specification.version" value="18"/>
    <property name="sun.jnu.encoding" value="UTF-8"/>
    <property name="java.class.path" value="/Users/srinidhi/Documents/ASSIGNMENT-SEM2/PAT/AVL/target/test-classes:/Users/srinidhi/Documents/ASSIGNMENT-SEM2/PAT/AVL/target/classes:/Users/srinidhi/.m2/repository/junit/junit/4.11/junit-4.11.jar:/Users/srinidhi/.m2/repository/org/hamcrest/hamcrest-core/1.3/hamcrest-core-1.3.jar:"/>
    <property name="java.vm.vendor" value="Homebrew"/>
    <property name="sun.arch.data.model" value="64"/>
    <property name="java.vendor.url" value="https://github.com/Homebrew/homebrew-core/issues"/>
    <property name="os.name" value="Mac OS X"/>
    <property name="java.vm.specification.version" value="18"/>
    <property name="sun.java.launcher" value="SUN_STANDARD"/>
    <property name="user.country" value="US"/>
    <property name="sun.boot.library.path" value="/opt/homebrew/Cellar/openjdk/18/libexec/openjdk.jdk/Contents/Home/lib"/>
    <property name="sun.java.command" value="/Users/srinidhi/Documents/ASSIGNMENT-SEM2/PAT/AVL/target/surefire/surefirebooter16592374293727584394.jar /Users/srinidhi/Documents/ASSIGNMENT-SEM2/PAT/AVL/target/surefire 2022-04-10T17-37-28_704-jvmRun1 surefire4946457987326561033tmp surefire_012011213920592403129tmp"/>
    <property name="http.nonProxyHosts" value="local|*.local|169.254/16|*.169.254/16"/>
    <property name="jdk.debug" value="release"/>
    <property name="surefire.test.class.path" value="/Users/srinidhi/Documents/ASSIGNMENT-SEM2/PAT/AVL/target/test-classes:/Users/srinidhi/Documents/ASSIGNMENT-SEM2/PAT/AVL/target/classes:/Users/srinidhi/.m2/repository/junit/junit/4.11/junit-4.11.jar:/Users/srinidhi/.m2/repository/org/hamcrest/hamcrest-core/1.3/hamcrest-core-1.3.jar:"/>
    <property name="sun.cpu.endian" value="little"/>
    <property name="user.home" value="/Users/srinidhi"/>
    <property name="user.language" value="en"/>
    <property name="java.specification.vendor" value="Oracle Corporation"/>
    <property name="java.version.date" value="2022-03-22"/>
    <property name="java.home" value="/opt/homebrew/Cellar/openjdk/18/libexec/openjdk.jdk/Contents/Home"/>
    <property name="file.separator" value="/"/>
    <property name="basedir" value="/Users/srinidhi/Documents/ASSIGNMENT-SEM2/PAT/AVL"/>
    <property name="java.vm.compressedOopsMode" value="Zero based"/>
    <property name="line.separator" value="&#10;"/>
    <property name="java.vm.specification.vendor" value="Oracle Corporation"/>
    <property name="java.specification.name" value="Java Platform API Specification"/>
    <property name="apple.awt.application.name" value="ForkedBooter"/>
    <property name="surefire.real.class.path" value="/Users/srinidhi/Documents/ASSIGNMENT-SEM2/PAT/AVL/target/surefire/surefirebooter16592374293727584394.jar"/>
    <property name="sun.management.compiler" value="HotSpot 64-Bit Tiered Compilers"/>
    <property name="ftp.nonProxyHosts" value="local|*.local|169.254/16|*.169.254/16"/>
    <property name="java.runtime.version" value="18+0"/>
    <property name="user.name" value="srinidhi"/>
    <property name="path.separator" value=":"/>
    <property name="os.version" value="12.2.1"/>
    <property name="java.runtime.name" value="OpenJDK Runtime Environment"/>
    <property name="file.encoding" value="UTF-8"/>
    <property name="java.vm.name" value="OpenJDK 64-Bit Server VM"/>
    <property name="java.vendor.version" value="Homebrew"/>
    <property name="localRepository" value="/Users/srinidhi/.m2/repository"/>
    <property name="java.vendor.url.bug" value="https://github.com/Homebrew/homebrew-core/issues"/>
    <property name="java.io.tmpdir" value="/var/folders/49/6qkrqpj92vq_79_xlh4t51440000gn/T/"/>
    <property name="java.version" value="18"/>
    <property name="user.dir" value="/Users/srinidhi/Documents/ASSIGNMENT-SEM2/PAT/AVL"/>
    <property name="os.arch" value="aarch64"/>
    <property name="java.vm.specification.name" value="Java Virtual Machine Specification"/>
    <property name="native.encoding" value="UTF-8"/>
    <property name="java.library.path" value="/Users/srinidhi/Library/Java/Extensions:/Library/Java/Extensions:/Network/Library/Java/Extensions:/System/Library/Java/Extensions:/usr/lib/java:."/>
    <property name="java.vm.info" value="mixed mode, sharing"/>
    <property name="java.vendor" value="Homebrew"/>
    <property name="java.vm.version" value="18+0"/>
    <property name="sun.io.unicode.encoding" value="UnicodeBig"/>
    <property name="socksNonProxyHosts" value="local|*.local|169.254/16|*.169.254/16"/>
    <property name="java.class.version" value="62.0"/>
  </properties>
  <testcase name="test0001" classname="RegressionTest0" time="0.001"/>
  <testcase name="test0002" classname="RegressionTest0" time="0"/>
  <testcase name="test0003" classname="RegressionTest0" time="0"/>
  <testcase name="test0004" classname="RegressionTest0" time="0"/>
  <testcase name="test0005" classname="RegressionTest0" time="0"/>
  <testcase name="test0006" classname="RegressionTest0" time="0"/>
  <testcase name="test0007" classname="RegressionTest0" time="0"/>
  <testcase name="test0008" classname="RegressionTest0" time="0"/>
  <testcase name="test0009" classname="RegressionTest0" time="0"/>
  <testcase name="test0010" classname="RegressionTest0" time="0"/>
  <testcase name="test0011" classname="RegressionTest0" time="0"/>
  <testcase name="test0012" classname="RegressionTest0" time="0"/>
  <testcase name="test0013" classname="RegressionTest0" time="0"/>
  <testcase name="test0014" classname="RegressionTest0" time="0"/>
  <testcase name="test0015" classname="RegressionTest0" time="0.001"/>
  <testcase name="test0016" classname="RegressionTest0" time="0"/>
  <testcase name="test0017" classname="RegressionTest0" time="0"/>
  <testcase name="test0018" classname="RegressionTest0" time="0"/>
  <testcase name="test0019" classname="RegressionTest0" time="0"/>
  <testcase name="test0020" classname="RegressionTest0" time="0"/>
  <testcase name="test0021" classname="RegressionTest0" time="0"/>
  <testcase name="test0022" classname="RegressionTest0" time="0"/>
  <testcase name="test0023" classname="RegressionTest0" time="0"/>
  <testcase name="test0024" classname="RegressionTest0" time="0"/>
  <testcase name="test0025" classname="RegressionTest0" time="0.001"/>
  <testcase name="test0026" classname="RegressionTest0" time="0"/>
  <testcase name="test0027" classname="RegressionTest0" time="0"/>
  <testcase name="test0028" classname="RegressionTest0" time="0"/>
  <testcase name="test0029" classname="RegressionTest0" time="0"/>
  <testcase name="test0030" classname="RegressionTest0" time="0"/>
  <testcase name="test0031" classname="RegressionTest0" time="0"/>
  <testcase name="test0032" classname="RegressionTest0" time="0"/>
  <testcase name="test0033" classname="RegressionTest0" time="0"/>
  <testcase name="test0034" classname="RegressionTest0" time="0"/>
  <testcase name="test0035" classname="RegressionTest0" time="0"/>
  <testcase name="test0036" classname="RegressionTest0" time="0.001"/>
  <testcase name="test0037" classname="RegressionTest0" time="0"/>
  <testcase name="test0038" classname="RegressionTest0" time="0"/>
  <testcase name="test0039" classname="RegressionTest0" time="0"/>
  <testcase name="test0040" classname="RegressionTest0" time="0"/>
  <testcase name="test0041" classname="RegressionTest0" time="0"/>
  <testcase name="test0042" classname="RegressionTest0" time="0"/>
  <testcase name="test0043" classname="RegressionTest0" time="0"/>
  <testcase name="test0044" classname="RegressionTest0" time="0"/>
  <testcase name="test0045" classname="RegressionTest0" time="0"/>
  <testcase name="test0046" classname="RegressionTest0" time="0.001"/>
  <testcase name="test0047" classname="RegressionTest0" time="0"/>
  <testcase name="test0048" classname="RegressionTest0" time="0"/>
  <testcase name="test0049" classname="RegressionTest0" time="0"/>
  <testcase name="test0050" classname="RegressionTest0" time="0"/>
  <testcase name="test0051" classname="RegressionTest0" time="0"/>
  <testcase name="test0052" classname="RegressionTest0" time="0"/>
  <testcase name="test0053" classname="RegressionTest0" time="0"/>
  <testcase name="test0054" classname="RegressionTest0" time="0"/>
  <testcase name="test0055" classname="RegressionTest0" time="0"/>
  <testcase name="test0056" classname="RegressionTest0" time="0"/>
  <testcase name="test0057" classname="RegressionTest0" time="0"/>
  <testcase name="test0058" classname="RegressionTest0" time="0"/>
  <testcase name="test0059" classname="RegressionTest0" time="0"/>
  <testcase name="test0060" classname="RegressionTest0" time="0"/>
  <testcase name="test0061" classname="RegressionTest0" time="0"/>
  <testcase name="test0062" classname="RegressionTest0" time="0"/>
  <testcase name="test0063" classname="RegressionTest0" time="0"/>
  <testcase name="test0064" classname="RegressionTest0" time="0"/>
  <testcase name="test0065" classname="RegressionTest0" time="0"/>
  <testcase name="test0066" classname="RegressionTest0" time="0"/>
  <testcase name="test0067" classname="RegressionTest0" time="0"/>
  <testcase name="test0068" classname="RegressionTest0" time="0"/>
  <testcase name="test0069" classname="RegressionTest0" time="0"/>
  <testcase name="test0070" classname="RegressionTest0" time="0"/>
  <testcase name="test0071" classname="RegressionTest0" time="0.001"/>
  <testcase name="test0072" classname="RegressionTest0" time="0"/>
  <testcase name="test0073" classname="RegressionTest0" time="0"/>
  <testcase name="test0074" classname="RegressionTest0" time="0"/>
  <testcase name="test0075" classname="RegressionTest0" time="0"/>
  <testcase name="test0076" classname="RegressionTest0" time="0"/>
  <testcase name="test0077" classname="RegressionTest0" time="0"/>
  <testcase name="test0078" classname="RegressionTest0" time="0"/>
  <testcase name="test0079" classname="RegressionTest0" time="0"/>
  <testcase name="test0080" classname="RegressionTest0" time="0.001"/>
  <testcase name="test0081" classname="RegressionTest0" time="0"/>
  <testcase name="test0082" classname="RegressionTest0" time="0"/>
  <testcase name="test0083" classname="RegressionTest0" time="0"/>
  <testcase name="test0084" classname="RegressionTest0" time="0"/>
  <testcase name="test0085" classname="RegressionTest0" time="0"/>
  <testcase name="test0086" classname="RegressionTest0" time="0"/>
  <testcase name="test0087" classname="RegressionTest0" time="0"/>
  <testcase name="test0088" classname="RegressionTest0" time="0"/>
  <testcase name="test0089" classname="RegressionTest0" time="0"/>
  <testcase name="test0090" classname="RegressionTest0" time="0"/>
  <testcase name="test0091" classname="RegressionTest0" time="0"/>
  <testcase name="test0092" classname="RegressionTest0" time="0"/>
  <testcase name="test0093" classname="RegressionTest0" time="0"/>
  <testcase name="test0094" classname="RegressionTest0" time="0"/>
  <testcase name="test0095" classname="RegressionTest0" time="0"/>
  <testcase name="test0096" classname="RegressionTest0" time="0.001"/>
  <testcase name="test0097" classname="RegressionTest0" time="0"/>
  <testcase name="test0098" classname="RegressionTest0" time="0"/>
  <testcase name="test0099" classname="RegressionTest0" time="0"/>
  <testcase name="test0100" classname="RegressionTest0" time="0"/>
  <testcase name="test0101" classname="RegressionTest0" time="0"/>
  <testcase name="test0102" classname="RegressionTest0" time="0"/>
  <testcase name="test0103" classname="RegressionTest0" time="0"/>
  <testcase name="test0104" classname="RegressionTest0" time="0"/>
  <testcase name="test0105" classname="RegressionTest0" time="0"/>
  <testcase name="test0106" classname="RegressionTest0" time="0"/>
  <testcase name="test0107" classname="RegressionTest0" time="0"/>
  <testcase name="test0108" classname="RegressionTest0" time="0"/>
  <testcase name="test0109" classname="RegressionTest0" time="0"/>
  <testcase name="test0110" classname="RegressionTest0" time="0"/>
  <testcase name="test0111" classname="RegressionTest0" time="0"/>
  <testcase name="test0112" classname="RegressionTest0" time="0"/>
  <testcase name="test0113" classname="RegressionTest0" time="0"/>
  <testcase name="test0114" classname="RegressionTest0" time="0"/>
  <testcase name="test0115" classname="RegressionTest0" time="0"/>
  <testcase name="test0116" classname="RegressionTest0" time="0"/>
  <testcase name="test0117" classname="RegressionTest0" time="0"/>
  <testcase name="test0118" classname="RegressionTest0" time="0"/>
  <testcase name="test0119" classname="RegressionTest0" time="0"/>
  <testcase name="test0120" classname="RegressionTest0" time="0.001"/>
  <testcase name="test0121" classname="RegressionTest0" time="0"/>
  <testcase name="test0122" classname="RegressionTest0" time="0"/>
  <testcase name="test0123" classname="RegressionTest0" time="0"/>
  <testcase name="test0124" classname="RegressionTest0" time="0"/>
  <testcase name="test0125" classname="RegressionTest0" time="0"/>
  <testcase name="test0126" classname="RegressionTest0" time="0"/>
  <testcase name="test0127" classname="RegressionTest0" time="0.001"/>
  <testcase name="test0128" classname="RegressionTest0" time="0"/>
  <testcase name="test0129" classname="RegressionTest0" time="0"/>
  <testcase name="test0130" classname="RegressionTest0" time="0"/>
  <testcase name="test0131" classname="RegressionTest0" time="0"/>
  <testcase name="test0132" classname="RegressionTest0" time="0"/>
  <testcase name="test0133" classname="RegressionTest0" time="0"/>
  <testcase name="test0134" classname="RegressionTest0" time="0"/>
  <testcase name="test0135" classname="RegressionTest0" time="0"/>
  <testcase name="test0136" classname="RegressionTest0" time="0"/>
  <testcase name="test0137" classname="RegressionTest0" time="0"/>
  <testcase name="test0138" classname="RegressionTest0" time="0"/>
  <testcase name="test0139" classname="RegressionTest0" time="0"/>
  <testcase name="test0140" classname="RegressionTest0" time="0"/>
  <testcase name="test0141" classname="RegressionTest0" time="0"/>
  <testcase name="test0142" classname="RegressionTest0" time="0"/>
  <testcase name="test0143" classname="RegressionTest0" time="0"/>
  <testcase name="test0144" classname="RegressionTest0" time="0"/>
  <testcase name="test0145" classname="RegressionTest0" time="0"/>
  <testcase name="test0146" classname="RegressionTest0" time="0"/>
  <testcase name="test0147" classname="RegressionTest0" time="0"/>
  <testcase name="test0148" classname="RegressionTest0" time="0"/>
  <testcase name="test0149" classname="RegressionTest0" time="0"/>
  <testcase name="test0150" classname="RegressionTest0" time="0"/>
  <testcase name="test0151" classname="RegressionTest0" time="0.001"/>
  <testcase name="test0152" classname="RegressionTest0" time="0"/>
  <testcase name="test0153" classname="RegressionTest0" time="0"/>
  <testcase name="test0154" classname="RegressionTest0" time="0"/>
  <testcase name="test0155" classname="RegressionTest0" time="0"/>
  <testcase name="test0156" classname="RegressionTest0" time="0"/>
  <testcase name="test0157" classname="RegressionTest0" time="0"/>
  <testcase name="test0158" classname="RegressionTest0" time="0"/>
  <testcase name="test0159" classname="RegressionTest0" time="0"/>
  <testcase name="test0160" classname="RegressionTest0" time="0"/>
  <testcase name="test0161" classname="RegressionTest0" time="0"/>
  <testcase name="test0162" classname="RegressionTest0" time="0"/>
  <testcase name="test0163" classname="RegressionTest0" time="0"/>
  <testcase name="test0164" classname="RegressionTest0" time="0"/>
  <testcase name="test0165" classname="RegressionTest0" time="0"/>
  <testcase name="test0166" classname="RegressionTest0" time="0"/>
  <testcase name="test0167" classname="RegressionTest0" time="0"/>
  <testcase name="test0168" classname="RegressionTest0" time="0"/>
  <testcase name="test0169" classname="RegressionTest0" time="0"/>
  <testcase name="test0170" classname="RegressionTest0" time="0"/>
  <testcase name="test0171" classname="RegressionTest0" time="0"/>
  <testcase name="test0172" classname="RegressionTest0" time="0"/>
  <testcase name="test0173" classname="RegressionTest0" time="0"/>
  <testcase name="test0174" classname="RegressionTest0" time="0"/>
  <testcase name="test0175" classname="RegressionTest0" time="0"/>
  <testcase name="test0176" classname="RegressionTest0" time="0"/>
  <testcase name="test0177" classname="RegressionTest0" time="0"/>
  <testcase name="test0178" classname="RegressionTest0" time="0"/>
  <testcase name="test0179" classname="RegressionTest0" time="0"/>
  <testcase name="test0180" classname="RegressionTest0" time="0.001"/>
  <testcase name="test0181" classname="RegressionTest0" time="0"/>
  <testcase name="test0182" classname="RegressionTest0" time="0"/>
  <testcase name="test0183" classname="RegressionTest0" time="0"/>
  <testcase name="test0184" classname="RegressionTest0" time="0"/>
  <testcase name="test0185" classname="RegressionTest0" time="0"/>
  <testcase name="test0186" classname="RegressionTest0" time="0"/>
  <testcase name="test0187" classname="RegressionTest0" time="0"/>
  <testcase name="test0188" classname="RegressionTest0" time="0"/>
  <testcase name="test0189" classname="RegressionTest0" time="0"/>
  <testcase name="test0190" classname="RegressionTest0" time="0"/>
  <testcase name="test0191" classname="RegressionTest0" time="0"/>
  <testcase name="test0192" classname="RegressionTest0" time="0"/>
  <testcase name="test0193" classname="RegressionTest0" time="0"/>
  <testcase name="test0194" classname="RegressionTest0" time="0"/>
  <testcase name="test0195" classname="RegressionTest0" time="0.001"/>
  <testcase name="test0196" classname="RegressionTest0" time="0"/>
  <testcase name="test0197" classname="RegressionTest0" time="0"/>
  <testcase name="test0198" classname="RegressionTest0" time="0"/>
  <testcase name="test0199" classname="RegressionTest0" time="0"/>
  <testcase name="test0200" classname="RegressionTest0" time="0"/>
  <testcase name="test0201" classname="RegressionTest0" time="0"/>
  <testcase name="test0202" classname="RegressionTest0" time="0"/>
  <testcase name="test0203" classname="RegressionTest0" time="0"/>
  <testcase name="test0204" classname="RegressionTest0" time="0"/>
  <testcase name="test0205" classname="RegressionTest0" time="0"/>
  <testcase name="test0206" classname="RegressionTest0" time="0"/>
  <testcase name="test0207" classname="RegressionTest0" time="0"/>
  <testcase name="test0208" classname="RegressionTest0" time="0"/>
  <testcase name="test0209" classname="RegressionTest0" time="0"/>
  <testcase name="test0210" classname="RegressionTest0" time="0"/>
  <testcase name="test0211" classname="RegressionTest0" time="0"/>
  <testcase name="test0212" classname="RegressionTest0" time="0.001"/>
  <testcase name="test0213" classname="RegressionTest0" time="0"/>
  <testcase name="test0214" classname="RegressionTest0" time="0"/>
  <testcase name="test0215" classname="RegressionTest0" time="0"/>
  <testcase name="test0216" classname="RegressionTest0" time="0"/>
  <testcase name="test0217" classname="RegressionTest0" time="0"/>
  <testcase name="test0218" classname="RegressionTest0" time="0"/>
  <testcase name="test0219" classname="RegressionTest0" time="0"/>
  <testcase name="test0220" classname="RegressionTest0" time="0"/>
  <testcase name="test0221" classname="RegressionTest0" time="0"/>
  <testcase name="test0222" classname="RegressionTest0" time="0"/>
  <testcase name="test0223" classname="RegressionTest0" time="0"/>
  <testcase name="test0224" classname="RegressionTest0" time="0"/>
  <testcase name="test0225" classname="RegressionTest0" time="0"/>
  <testcase name="test0226" classname="RegressionTest0" time="0.001"/>
  <testcase name="test0227" classname="RegressionTest0" time="0"/>
  <testcase name="test0228" classname="RegressionTest0" time="0"/>
  <testcase name="test0229" classname="RegressionTest0" time="0"/>
  <testcase name="test0230" classname="RegressionTest0" time="0"/>
  <testcase name="test0231" classname="RegressionTest0" time="0"/>
  <testcase name="test0232" classname="RegressionTest0" time="0"/>
  <testcase name="test0233" classname="RegressionTest0" time="0"/>
  <testcase name="test0234" classname="RegressionTest0" time="0"/>
  <testcase name="test0235" classname="RegressionTest0" time="0"/>
  <testcase name="test0236" classname="RegressionTest0" time="0"/>
  <testcase name="test0237" classname="RegressionTest0" time="0"/>
  <testcase name="test0238" classname="RegressionTest0" time="0"/>
  <testcase name="test0239" classname="RegressionTest0" time="0"/>
  <testcase name="test0240" classname="RegressionTest0" time="0"/>
  <testcase name="test0241" classname="RegressionTest0" time="0"/>
  <testcase name="test0242" classname="RegressionTest0" time="0.001"/>
  <testcase name="test0243" classname="RegressionTest0" time="0"/>
  <testcase name="test0244" classname="RegressionTest0" time="0"/>
  <testcase name="test0245" classname="RegressionTest0" time="0"/>
  <testcase name="test0246" classname="RegressionTest0" time="0"/>
  <testcase name="test0247" classname="RegressionTest0" time="0"/>
  <testcase name="test0248" classname="RegressionTest0" time="0"/>
  <testcase name="test0249" classname="RegressionTest0" time="0"/>
  <testcase name="test0250" classname="RegressionTest0" time="0"/>
  <testcase name="test0251" classname="RegressionTest0" time="0"/>
  <testcase name="test0252" classname="RegressionTest0" time="0"/>
  <testcase name="test0253" classname="RegressionTest0" time="0"/>
  <testcase name="test0254" classname="RegressionTest0" time="0"/>
  <testcase name="test0255" classname="RegressionTest0" time="0"/>
  <testcase name="test0256" classname="RegressionTest0" time="0"/>
  <testcase name="test0257" classname="RegressionTest0" time="0.001"/>
  <testcase name="test0258" classname="RegressionTest0" time="0"/>
  <testcase name="test0259" classname="RegressionTest0" time="0"/>
  <testcase name="test0260" classname="RegressionTest0" time="0"/>
  <testcase name="test0261" classname="RegressionTest0" time="0"/>
  <testcase name="test0262" classname="RegressionTest0" time="0"/>
  <testcase name="test0263" classname="RegressionTest0" time="0"/>
  <testcase name="test0264" classname="RegressionTest0" time="0"/>
  <testcase name="test0265" classname="RegressionTest0" time="0"/>
  <testcase name="test0266" classname="RegressionTest0" time="0"/>
  <testcase name="test0267" classname="RegressionTest0" time="0"/>
  <testcase name="test0268" classname="RegressionTest0" time="0"/>
  <testcase name="test0269" classname="RegressionTest0" time="0"/>
  <testcase name="test0270" classname="RegressionTest0" time="0"/>
  <testcase name="test0271" classname="RegressionTest0" time="0"/>
  <testcase name="test0272" classname="RegressionTest0" time="0"/>
  <testcase name="test0273" classname="RegressionTest0" time="0"/>
  <testcase name="test0274" classname="RegressionTest0" time="0"/>
  <testcase name="test0275" classname="RegressionTest0" time="0"/>
  <testcase name="test0276" classname="RegressionTest0" time="0.001"/>
  <testcase name="test0277" classname="RegressionTest0" time="0"/>
  <testcase name="test0278" classname="RegressionTest0" time="0"/>
  <testcase name="test0279" classname="RegressionTest0" time="0"/>
  <testcase name="test0280" classname="RegressionTest0" time="0"/>
  <testcase name="test0281" classname="RegressionTest0" time="0"/>
  <testcase name="test0282" classname="RegressionTest0" time="0.001"/>
  <testcase name="test0283" classname="RegressionTest0" time="0"/>
  <testcase name="test0284" classname="RegressionTest0" time="0"/>
  <testcase name="test0285" classname="RegressionTest0" time="0"/>
  <testcase name="test0286" classname="RegressionTest0" time="0"/>
  <testcase name="test0287" classname="RegressionTest0" time="0"/>
  <testcase name="test0288" classname="RegressionTest0" time="0"/>
  <testcase name="test0289" classname="RegressionTest0" time="0"/>
  <testcase name="test0290" classname="RegressionTest0" time="0"/>
  <testcase name="test0291" classname="RegressionTest0" time="0"/>
  <testcase name="test0292" classname="RegressionTest0" time="0"/>
  <testcase name="test0293" classname="RegressionTest0" time="0"/>
  <testcase name="test0294" classname="RegressionTest0" time="0"/>
  <testcase name="test0295" classname="RegressionTest0" time="0"/>
  <testcase name="test0296" classname="RegressionTest0" time="0"/>
  <testcase name="test0297" classname="RegressionTest0" time="0"/>
  <testcase name="test0298" classname="RegressionTest0" time="0"/>
  <testcase name="test0299" classname="RegressionTest0" time="0"/>
  <testcase name="test0300" classname="RegressionTest0" time="0"/>
  <testcase name="test0301" classname="RegressionTest0" time="0"/>
  <testcase name="test0302" classname="RegressionTest0" time="0"/>
  <testcase name="test0303" classname="RegressionTest0" time="0"/>
  <testcase name="test0304" classname="RegressionTest0" time="0"/>
  <testcase name="test0305" classname="RegressionTest0" time="0"/>
  <testcase name="test0306" classname="RegressionTest0" time="0"/>
  <testcase name="test0307" classname="RegressionTest0" time="0"/>
  <testcase name="test0308" classname="RegressionTest0" time="0"/>
  <testcase name="test0309" classname="RegressionTest0" time="0"/>
  <testcase name="test0310" classname="RegressionTest0" time="0.001"/>
  <testcase name="test0311" classname="RegressionTest0" time="0"/>
  <testcase name="test0312" classname="RegressionTest0" time="0"/>
  <testcase name="test0313" classname="RegressionTest0" time="0"/>
  <testcase name="test0314" classname="RegressionTest0" time="0"/>
  <testcase name="test0315" classname="RegressionTest0" time="0"/>
  <testcase name="test0316" classname="RegressionTest0" time="0"/>
  <testcase name="test0317" classname="RegressionTest0" time="0"/>
  <testcase name="test0318" classname="RegressionTest0" time="0"/>
  <testcase name="test0319" classname="RegressionTest0" time="0"/>
  <testcase name="test0320" classname="RegressionTest0" time="0"/>
  <testcase name="test0321" classname="RegressionTest0" time="0"/>
  <testcase name="test0322" classname="RegressionTest0" time="0"/>
  <testcase name="test0323" classname="RegressionTest0" time="0"/>
  <testcase name="test0324" classname="RegressionTest0" time="0"/>
  <testcase name="test0325" classname="RegressionTest0" time="0"/>
  <testcase name="test0326" classname="RegressionTest0" time="0"/>
  <testcase name="test0327" classname="RegressionTest0" time="0"/>
  <testcase name="test0328" classname="RegressionTest0" time="0.001"/>
  <testcase name="test0329" classname="RegressionTest0" time="0"/>
  <testcase name="test0330" classname="RegressionTest0" time="0"/>
  <testcase name="test0331" classname="RegressionTest0" time="0"/>
  <testcase name="test0332" classname="RegressionTest0" time="0"/>
  <testcase name="test0333" classname="RegressionTest0" time="0"/>
  <testcase name="test0334" classname="RegressionTest0" time="0"/>
  <testcase name="test0335" classname="RegressionTest0" time="0"/>
  <testcase name="test0336" classname="RegressionTest0" time="0"/>
  <testcase name="test0337" classname="RegressionTest0" time="0"/>
  <testcase name="test0338" classname="RegressionTest0" time="0"/>
  <testcase name="test0339" classname="RegressionTest0" time="0"/>
  <testcase name="test0340" classname="RegressionTest0" time="0"/>
  <testcase name="test0341" classname="RegressionTest0" time="0"/>
  <testcase name="test0342" classname="RegressionTest0" time="0"/>
  <testcase name="test0343" classname="RegressionTest0" time="0"/>
  <testcase name="test0344" classname="RegressionTest0" time="0"/>
  <testcase name="test0345" classname="RegressionTest0" time="0"/>
  <testcase name="test0346" classname="RegressionTest0" time="0"/>
  <testcase name="test0347" classname="RegressionTest0" time="0"/>
  <testcase name="test0348" classname="RegressionTest0" time="0.001"/>
  <testcase name="test0349" classname="RegressionTest0" time="0"/>
  <testcase name="test0350" classname="RegressionTest0" time="0"/>
  <testcase name="test0351" classname="RegressionTest0" time="0"/>
  <testcase name="test0352" classname="RegressionTest0" time="0"/>
  <testcase name="test0353" classname="RegressionTest0" time="0"/>
  <testcase name="test0354" classname="RegressionTest0" time="0"/>
  <testcase name="test0355" classname="RegressionTest0" time="0"/>
  <testcase name="test0356" classname="RegressionTest0" time="0"/>
  <testcase name="test0357" classname="RegressionTest0" time="0"/>
  <testcase name="test0358" classname="RegressionTest0" time="0"/>
  <testcase name="test0359" classname="RegressionTest0" time="0"/>
  <testcase name="test0360" classname="RegressionTest0" time="0"/>
  <testcase name="test0361" classname="RegressionTest0" time="0"/>
  <testcase name="test0362" classname="RegressionTest0" time="0"/>
  <testcase name="test0363" classname="RegressionTest0" time="0"/>
  <testcase name="test0364" classname="RegressionTest0" time="0"/>
  <testcase name="test0365" classname="RegressionTest0" time="0"/>
  <testcase name="test0366" classname="RegressionTest0" time="0"/>
  <testcase name="test0367" classname="RegressionTest0" time="0"/>
  <testcase name="test0368" classname="RegressionTest0" time="0"/>
  <testcase name="test0369" classname="RegressionTest0" time="0.001"/>
  <testcase name="test0370" classname="RegressionTest0" time="0"/>
  <testcase name="test0371" classname="RegressionTest0" time="0"/>
  <testcase name="test0372" classname="RegressionTest0" time="0"/>
  <testcase name="test0373" classname="RegressionTest0" time="0"/>
  <testcase name="test0374" classname="RegressionTest0" time="0"/>
  <testcase name="test0375" classname="RegressionTest0" time="0"/>
  <testcase name="test0376" classname="RegressionTest0" time="0"/>
  <testcase name="test0377" classname="RegressionTest0" time="0"/>
  <testcase name="test0378" classname="RegressionTest0" time="0"/>
  <testcase name="test0379" classname="RegressionTest0" time="0"/>
  <testcase name="test0380" classname="RegressionTest0" time="0"/>
  <testcase name="test0381" classname="RegressionTest0" time="0"/>
  <testcase name="test0382" classname="RegressionTest0" time="0"/>
  <testcase name="test0383" classname="RegressionTest0" time="0"/>
  <testcase name="test0384" classname="RegressionTest0" time="0"/>
  <testcase name="test0385" classname="RegressionTest0" time="0"/>
  <testcase name="test0386" classname="RegressionTest0" time="0"/>
  <testcase name="test0387" classname="RegressionTest0" time="0"/>
  <testcase name="test0388" classname="RegressionTest0" time="0"/>
  <testcase name="test0389" classname="RegressionTest0" time="0"/>
  <testcase name="test0390" classname="RegressionTest0" time="0"/>
  <testcase name="test0391" classname="RegressionTest0" time="0"/>
  <testcase name="test0392" classname="RegressionTest0" time="0"/>
  <testcase name="test0393" classname="RegressionTest0" time="0"/>
  <testcase name="test0394" classname="RegressionTest0" time="0"/>
  <testcase name="test0395" classname="RegressionTest0" time="0"/>
  <testcase name="test0396" classname="RegressionTest0" time="0"/>
  <testcase name="test0397" classname="RegressionTest0" time="0"/>
  <testcase name="test0398" classname="RegressionTest0" time="0"/>
  <testcase name="test0399" classname="RegressionTest0" time="0"/>
  <testcase name="test0400" classname="RegressionTest0" time="0"/>
  <testcase name="test0401" classname="RegressionTest0" time="0"/>
  <testcase name="test0402" classname="RegressionTest0" time="0"/>
  <testcase name="test0403" classname="RegressionTest0" time="0"/>
  <testcase name="test0404" classname="RegressionTest0" time="0"/>
  <testcase name="test0405" classname="RegressionTest0" time="0"/>
  <testcase name="test0406" classname="RegressionTest0" time="0"/>
  <testcase name="test0407" classname="RegressionTest0" time="0"/>
  <testcase name="test0408" classname="RegressionTest0" time="0"/>
  <testcase name="test0409" classname="RegressionTest0" time="0"/>
  <testcase name="test0410" classname="RegressionTest0" time="0"/>
  <testcase name="test0411" classname="RegressionTest0" time="0"/>
  <testcase name="test0412" classname="RegressionTest0" time="0"/>
  <testcase name="test0413" classname="RegressionTest0" time="0"/>
  <testcase name="test0414" classname="RegressionTest0" time="0"/>
  <testcase name="test0415" classname="RegressionTest0" time="0"/>
  <testcase name="test0416" classname="RegressionTest0" time="0.001"/>
  <testcase name="test0417" classname="RegressionTest0" time="0"/>
  <testcase name="test0418" classname="RegressionTest0" time="0"/>
  <testcase name="test0419" classname="RegressionTest0" time="0"/>
  <testcase name="test0420" classname="RegressionTest0" time="0"/>
  <testcase name="test0421" classname="RegressionTest0" time="0"/>
  <testcase name="test0422" classname="RegressionTest0" time="0"/>
  <testcase name="test0423" classname="RegressionTest0" time="0"/>
  <testcase name="test0424" classname="RegressionTest0" time="0"/>
  <testcase name="test0425" classname="RegressionTest0" time="0"/>
  <testcase name="test0426" classname="RegressionTest0" time="0"/>
  <testcase name="test0427" classname="RegressionTest0" time="0"/>
  <testcase name="test0428" classname="RegressionTest0" time="0"/>
  <testcase name="test0429" classname="RegressionTest0" time="0"/>
  <testcase name="test0430" classname="RegressionTest0" time="0"/>
  <testcase name="test0431" classname="RegressionTest0" time="0"/>
  <testcase name="test0432" classname="RegressionTest0" time="0"/>
  <testcase name="test0433" classname="RegressionTest0" time="0"/>
  <testcase name="test0434" classname="RegressionTest0" time="0"/>
  <testcase name="test0435" classname="RegressionTest0" time="0"/>
  <testcase name="test0436" classname="RegressionTest0" time="0"/>
  <testcase name="test0437" classname="RegressionTest0" time="0"/>
  <testcase name="test0438" classname="RegressionTest0" time="0"/>
  <testcase name="test0439" classname="RegressionTest0" time="0"/>
  <testcase name="test0440" classname="RegressionTest0" time="0"/>
  <testcase name="test0441" classname="RegressionTest0" time="0.001"/>
  <testcase name="test0442" classname="RegressionTest0" time="0"/>
  <testcase name="test0443" classname="RegressionTest0" time="0"/>
  <testcase name="test0444" classname="RegressionTest0" time="0"/>
  <testcase name="test0445" classname="RegressionTest0" time="0"/>
  <testcase name="test0446" classname="RegressionTest0" time="0"/>
  <testcase name="test0447" classname="RegressionTest0" time="0"/>
  <testcase name="test0448" classname="RegressionTest0" time="0"/>
  <testcase name="test0449" classname="RegressionTest0" time="0"/>
  <testcase name="test0450" classname="RegressionTest0" time="0"/>
  <testcase name="test0451" classname="RegressionTest0" time="0"/>
  <testcase name="test0452" classname="RegressionTest0" time="0"/>
  <testcase name="test0453" classname="RegressionTest0" time="0"/>
  <testcase name="test0454" classname="RegressionTest0" time="0"/>
  <testcase name="test0455" classname="RegressionTest0" time="0"/>
  <testcase name="test0456" classname="RegressionTest0" time="0"/>
  <testcase name="test0457" classname="RegressionTest0" time="0"/>
  <testcase name="test0458" classname="RegressionTest0" time="0"/>
  <testcase name="test0459" classname="RegressionTest0" time="0"/>
  <testcase name="test0460" classname="RegressionTest0" time="0"/>
  <testcase name="test0461" classname="RegressionTest0" time="0"/>
  <testcase name="test0462" classname="RegressionTest0" time="0"/>
  <testcase name="test0463" classname="RegressionTest0" time="0"/>
  <testcase name="test0464" classname="RegressionTest0" time="0"/>
  <testcase name="test0465" classname="RegressionTest0" time="0"/>
  <testcase name="test0466" classname="RegressionTest0" time="0"/>
  <testcase name="test0467" classname="RegressionTest0" time="0"/>
  <testcase name="test0468" classname="RegressionTest0" time="0"/>
  <testcase name="test0469" classname="RegressionTest0" time="0.001"/>
  <testcase name="test0470" classname="RegressionTest0" time="0"/>
  <testcase name="test0471" classname="RegressionTest0" time="0"/>
  <testcase name="test0472" classname="RegressionTest0" time="0"/>
  <testcase name="test0473" classname="RegressionTest0" time="0"/>
  <testcase name="test0474" classname="RegressionTest0" time="0"/>
  <testcase name="test0475" classname="RegressionTest0" time="0"/>
  <testcase name="test0476" classname="RegressionTest0" time="0"/>
  <testcase name="test0477" classname="RegressionTest0" time="0"/>
  <testcase name="test0478" classname="RegressionTest0" time="0"/>
  <testcase name="test0479" classname="RegressionTest0" time="0"/>
  <testcase name="test0480" classname="RegressionTest0" time="0"/>
  <testcase name="test0481" classname="RegressionTest0" time="0"/>
  <testcase name="test0482" classname="RegressionTest0" time="0"/>
  <testcase name="test0483" classname="RegressionTest0" time="0.001"/>
  <testcase name="test0484" classname="RegressionTest0" time="0"/>
  <testcase name="test0485" classname="RegressionTest0" time="0"/>
  <testcase name="test0486" classname="RegressionTest0" time="0"/>
  <testcase name="test0487" classname="RegressionTest0" time="0"/>
  <testcase name="test0488" classname="RegressionTest0" time="0"/>
  <testcase name="test0489" classname="RegressionTest0" time="0"/>
  <testcase name="test0490" classname="RegressionTest0" time="0"/>
  <testcase name="test0491" classname="RegressionTest0" time="0"/>
  <testcase name="test0492" classname="RegressionTest0" time="0"/>
  <testcase name="test0493" classname="RegressionTest0" time="0"/>
  <testcase name="test0494" classname="RegressionTest0" time="0"/>
  <testcase name="test0495" classname="RegressionTest0" time="0"/>
  <testcase name="test0496" classname="RegressionTest0" time="0"/>
  <testcase name="test0497" classname="RegressionTest0" time="0.001"/>
  <testcase name="test0498" classname="RegressionTest0" time="0"/>
  <testcase name="test0499" classname="RegressionTest0" time="0"/>
  <testcase name="test0500" classname="RegressionTest0" time="0"/>
  <testcase name="test0501" classname="RegressionTest1" time="0"/>
  <testcase name="test0502" classname="RegressionTest1" time="0"/>
  <testcase name="test0503" classname="RegressionTest1" time="0"/>
  <testcase name="test0504" classname="RegressionTest1" time="0"/>
  <testcase name="test0505" classname="RegressionTest1" time="0"/>
  <testcase name="test0506" classname="RegressionTest1" time="0"/>
  <testcase name="test0507" classname="RegressionTest1" time="0"/>
  <testcase name="test0508" classname="RegressionTest1" time="0"/>
  <testcase name="test0509" classname="RegressionTest1" time="0"/>
  <testcase name="test0510" classname="RegressionTest1" time="0"/>
  <testcase name="test0511" classname="RegressionTest1" time="0"/>
  <testcase name="test0512" classname="RegressionTest1" time="0.001"/>
  <testcase name="test0513" classname="RegressionTest1" time="0"/>
  <testcase name="test0514" classname="RegressionTest1" time="0"/>
  <testcase name="test0515" classname="RegressionTest1" time="0"/>
  <testcase name="test0516" classname="RegressionTest1" time="0"/>
  <testcase name="test0517" classname="RegressionTest1" time="0"/>
  <testcase name="test0518" classname="RegressionTest1" time="0"/>
  <testcase name="test0519" classname="RegressionTest1" time="0"/>
  <testcase name="test0520" classname="RegressionTest1" time="0"/>
  <testcase name="test0521" classname="RegressionTest1" time="0"/>
  <testcase name="test0522" classname="RegressionTest1" time="0"/>
  <testcase name="test0523" classname="RegressionTest1" time="0"/>
  <testcase name="test0524" classname="RegressionTest1" time="0"/>
  <testcase name="test0525" classname="RegressionTest1" time="0"/>
  <testcase name="test0526" classname="RegressionTest1" time="0"/>
  <testcase name="test0527" classname="RegressionTest1" time="0"/>
  <testcase name="test0528" classname="RegressionTest1" time="0"/>
  <testcase name="test0529" classname="RegressionTest1" time="0"/>
  <testcase name="test0530" classname="RegressionTest1" time="0"/>
  <testcase name="test0531" classname="RegressionTest1" time="0"/>
  <testcase name="test0532" classname="RegressionTest1" time="0"/>
  <testcase name="test0533" classname="RegressionTest1" time="0"/>
  <testcase name="test0534" classname="RegressionTest1" time="0"/>
  <testcase name="test0535" classname="RegressionTest1" time="0"/>
  <testcase name="test0536" classname="RegressionTest1" time="0"/>
  <testcase name="test0537" classname="RegressionTest1" time="0"/>
  <testcase name="test0538" classname="RegressionTest1" time="0.001"/>
  <testcase name="test0539" classname="RegressionTest1" time="0"/>
  <testcase name="test0540" classname="RegressionTest1" time="0"/>
  <testcase name="test0541" classname="RegressionTest1" time="0"/>
  <testcase name="test0542" classname="RegressionTest1" time="0"/>
  <testcase name="test0543" classname="RegressionTest1" time="0"/>
  <testcase name="test0544" classname="RegressionTest1" time="0"/>
  <testcase name="test0545" classname="RegressionTest1" time="0"/>
  <testcase name="test0546" classname="RegressionTest1" time="0"/>
  <testcase name="test0547" classname="RegressionTest1" time="0"/>
  <testcase name="test0548" classname="RegressionTest1" time="0"/>
  <testcase name="test0549" classname="RegressionTest1" time="0"/>
  <testcase name="test0550" classname="RegressionTest1" time="0"/>
  <testcase name="test0551" classname="RegressionTest1" time="0"/>
  <testcase name="test0552" classname="RegressionTest1" time="0"/>
  <testcase name="test0553" classname="RegressionTest1" time="0"/>
  <testcase name="test0554" classname="RegressionTest1" time="0"/>
  <testcase name="test0555" classname="RegressionTest1" time="0"/>
  <testcase name="test0556" classname="RegressionTest1" time="0"/>
  <testcase name="test0557" classname="RegressionTest1" time="0"/>
  <testcase name="test0558" classname="RegressionTest1" time="0"/>
  <testcase name="test0559" classname="RegressionTest1" time="0"/>
  <testcase name="test0560" classname="RegressionTest1" time="0"/>
  <testcase name="test0561" classname="RegressionTest1" time="0"/>
  <testcase name="test0562" classname="RegressionTest1" time="0"/>
  <testcase name="test0563" classname="RegressionTest1" time="0"/>
  <testcase name="test0564" classname="RegressionTest1" time="0"/>
  <testcase name="test0565" classname="RegressionTest1" time="0"/>
  <testcase name="test0566" classname="RegressionTest1" time="0"/>
  <testcase name="test0567" classname="RegressionTest1" time="0"/>
  <testcase name="test0568" classname="RegressionTest1" time="0.001"/>
  <testcase name="test0569" classname="RegressionTest1" time="0"/>
  <testcase name="test0570" classname="RegressionTest1" time="0"/>
  <testcase name="test0571" classname="RegressionTest1" time="0"/>
  <testcase name="test0572" classname="RegressionTest1" time="0"/>
  <testcase name="test0573" classname="RegressionTest1" time="0"/>
  <testcase name="test0574" classname="RegressionTest1" time="0"/>
  <testcase name="test0575" classname="RegressionTest1" time="0"/>
  <testcase name="test0576" classname="RegressionTest1" time="0"/>
  <testcase name="test0577" classname="RegressionTest1" time="0"/>
  <testcase name="test0578" classname="RegressionTest1" time="0"/>
  <testcase name="test0579" classname="RegressionTest1" time="0"/>
  <testcase name="test0580" classname="RegressionTest1" time="0"/>
  <testcase name="test0581" classname="RegressionTest1" time="0"/>
  <testcase name="test0582" classname="RegressionTest1" time="0"/>
  <testcase name="test0583" classname="RegressionTest1" time="0"/>
  <testcase name="test0584" classname="RegressionTest1" time="0"/>
  <testcase name="test0585" classname="RegressionTest1" time="0"/>
  <testcase name="test0586" classname="RegressionTest1" time="0"/>
  <testcase name="test0587" classname="RegressionTest1" time="0"/>
  <testcase name="test0588" classname="RegressionTest1" time="0"/>
  <testcase name="test0589" classname="RegressionTest1" time="0"/>
  <testcase name="test0590" classname="RegressionTest1" time="0"/>
  <testcase name="test0591" classname="RegressionTest1" time="0"/>
  <testcase name="test0592" classname="RegressionTest1" time="0"/>
  <testcase name="test0593" classname="RegressionTest1" time="0"/>
  <testcase name="test0594" classname="RegressionTest1" time="0"/>
  <testcase name="test0595" classname="RegressionTest1" time="0"/>
  <testcase name="test0596" classname="RegressionTest1" time="0"/>
  <testcase name="test0597" classname="RegressionTest1" time="0"/>
  <testcase name="test0598" classname="RegressionTest1" time="0"/>
  <testcase name="test0599" classname="RegressionTest1" time="0"/>
  <testcase name="test0600" classname="RegressionTest1" time="0"/>
  <testcase name="test0601" classname="RegressionTest1" time="0"/>
  <testcase name="test0602" classname="RegressionTest1" time="0"/>
  <testcase name="test0603" classname="RegressionTest1" time="0"/>
  <testcase name="test0604" classname="RegressionTest1" time="0"/>
  <testcase name="test0605" classname="RegressionTest1" time="0"/>
  <testcase name="test0606" classname="RegressionTest1" time="0"/>
  <testcase name="test0607" classname="RegressionTest1" time="0"/>
  <testcase name="test0608" classname="RegressionTest1" time="0"/>
  <testcase name="test0609" classname="RegressionTest1" time="0"/>
  <testcase name="test0610" classname="RegressionTest1" time="0"/>
  <testcase name="test0611" classname="RegressionTest1" time="0"/>
  <testcase name="test0612" classname="RegressionTest1" time="0"/>
  <testcase name="test0613" classname="RegressionTest1" time="0"/>
  <testcase name="test0614" classname="RegressionTest1" time="0"/>
  <testcase name="test0615" classname="RegressionTest1" time="0"/>
  <testcase name="test0616" classname="RegressionTest1" time="0"/>
  <testcase name="test0617" classname="RegressionTest1" time="0"/>
  <testcase name="test0618" classname="RegressionTest1" time="0"/>
  <testcase name="test0619" classname="RegressionTest1" time="0"/>
  <testcase name="test0620" classname="RegressionTest1" time="0"/>
  <testcase name="test0621" classname="RegressionTest1" time="0"/>
  <testcase name="test0622" classname="RegressionTest1" time="0"/>
  <testcase name="test0623" classname="RegressionTest1" time="0"/>
  <testcase name="test0624" classname="RegressionTest1" time="0"/>
  <testcase name="test0625" classname="RegressionTest1" time="0"/>
  <testcase name="test0626" classname="RegressionTest1" time="0"/>
  <testcase name="test0627" classname="RegressionTest1" time="0"/>
  <testcase name="test0628" classname="RegressionTest1" time="0.001"/>
  <testcase name="test0629" classname="RegressionTest1" time="0"/>
  <testcase name="test0630" classname="RegressionTest1" time="0"/>
  <testcase name="test0631" classname="RegressionTest1" time="0"/>
  <testcase name="test0632" classname="RegressionTest1" time="0"/>
  <testcase name="test0633" classname="RegressionTest1" time="0"/>
  <testcase name="test0634" classname="RegressionTest1" time="0"/>
  <testcase name="test0635" classname="RegressionTest1" time="0"/>
  <testcase name="test0636" classname="RegressionTest1" time="0"/>
  <testcase name="test0637" classname="RegressionTest1" time="0"/>
  <testcase name="test0638" classname="RegressionTest1" time="0"/>
  <testcase name="test0639" classname="RegressionTest1" time="0"/>
  <testcase name="test0640" classname="RegressionTest1" time="0"/>
  <testcase name="test0641" classname="RegressionTest1" time="0"/>
  <testcase name="test0642" classname="RegressionTest1" time="0"/>
  <testcase name="test0643" classname="RegressionTest1" time="0"/>
  <testcase name="test0644" classname="RegressionTest1" time="0"/>
  <testcase name="test0645" classname="RegressionTest1" time="0"/>
  <testcase name="test0646" classname="RegressionTest1" time="0"/>
  <testcase name="test0647" classname="RegressionTest1" time="0"/>
  <testcase name="test0648" classname="RegressionTest1" time="0"/>
  <testcase name="test0649" classname="RegressionTest1" time="0"/>
  <testcase name="test0650" classname="RegressionTest1" time="0"/>
  <testcase name="test0651" classname="RegressionTest1" time="0"/>
  <testcase name="test0652" classname="RegressionTest1" time="0"/>
  <testcase name="test0653" classname="RegressionTest1" time="0"/>
  <testcase name="test0654" classname="RegressionTest1" time="0"/>
  <testcase name="test0655" classname="RegressionTest1" time="0"/>
  <testcase name="test0656" classname="RegressionTest1" time="0"/>
  <testcase name="test0657" classname="RegressionTest1" time="0"/>
  <testcase name="test0658" classname="RegressionTest1" time="0.001"/>
  <testcase name="test0659" classname="RegressionTest1" time="0"/>
  <testcase name="test0660" classname="RegressionTest1" time="0"/>
  <testcase name="test0661" classname="RegressionTest1" time="0"/>
  <testcase name="test0662" classname="RegressionTest1" time="0"/>
  <testcase name="test0663" classname="RegressionTest1" time="0"/>
  <testcase name="test0664" classname="RegressionTest1" time="0"/>
  <testcase name="test0665" classname="RegressionTest1" time="0"/>
  <testcase name="test0666" classname="RegressionTest1" time="0"/>
  <testcase name="test0667" classname="RegressionTest1" time="0"/>
  <testcase name="test0668" classname="RegressionTest1" time="0"/>
  <testcase name="test0669" classname="RegressionTest1" time="0"/>
  <testcase name="test0670" classname="RegressionTest1" time="0"/>
  <testcase name="test0671" classname="RegressionTest1" time="0"/>
  <testcase name="test0672" classname="RegressionTest1" time="0"/>
  <testcase name="test0673" classname="RegressionTest1" time="0"/>
  <testcase name="test0674" classname="RegressionTest1" time="0"/>
  <testcase name="test0675" classname="RegressionTest1" time="0"/>
  <testcase name="test0676" classname="RegressionTest1" time="0"/>
  <testcase name="test0677" classname="RegressionTest1" time="0"/>
  <testcase name="test0678" classname="RegressionTest1" time="0"/>
  <testcase name="test0679" classname="RegressionTest1" time="0"/>
  <testcase name="test0680" classname="RegressionTest1" time="0"/>
  <testcase name="test0681" classname="RegressionTest1" time="0"/>
  <testcase name="test0682" classname="RegressionTest1" time="0"/>
  <testcase name="test0683" classname="RegressionTest1" time="0"/>
  <testcase name="test0684" classname="RegressionTest1" time="0"/>
  <testcase name="test0685" classname="RegressionTest1" time="0"/>
  <testcase name="test0686" classname="RegressionTest1" time="0"/>
  <testcase name="test0687" classname="RegressionTest1" time="0"/>
  <testcase name="test0688" classname="RegressionTest1" time="0"/>
  <testcase name="test0689" classname="RegressionTest1" time="0"/>
  <testcase name="test0690" classname="RegressionTest1" time="0"/>
  <testcase name="test0691" classname="RegressionTest1" time="0.001"/>
  <testcase name="test0692" classname="RegressionTest1" time="0"/>
  <testcase name="test0693" classname="RegressionTest1" time="0"/>
  <testcase name="test0694" classname="RegressionTest1" time="0"/>
  <testcase name="test0695" classname="RegressionTest1" time="0"/>
  <testcase name="test0696" classname="RegressionTest1" time="0"/>
  <testcase name="test0697" classname="RegressionTest1" time="0"/>
  <testcase name="test0698" classname="RegressionTest1" time="0"/>
  <testcase name="test0699" classname="RegressionTest1" time="0"/>
  <testcase name="test0700" classname="RegressionTest1" time="0"/>
  <testcase name="test0701" classname="RegressionTest1" time="0"/>
  <testcase name="test0702" classname="RegressionTest1" time="0"/>
  <testcase name="test0703" classname="RegressionTest1" time="0"/>
  <testcase name="test0704" classname="RegressionTest1" time="0"/>
  <testcase name="test0705" classname="RegressionTest1" time="0"/>
  <testcase name="test0706" classname="RegressionTest1" time="0"/>
  <testcase name="test0707" classname="RegressionTest1" time="0"/>
  <testcase name="test0708" classname="RegressionTest1" time="0"/>
  <testcase name="test0709" classname="RegressionTest1" time="0"/>
  <testcase name="test0710" classname="RegressionTest1" time="0"/>
  <testcase name="test0711" classname="RegressionTest1" time="0"/>
  <testcase name="test0712" classname="RegressionTest1" time="0"/>
  <testcase name="test0713" classname="RegressionTest1" time="0"/>
  <testcase name="test0714" classname="RegressionTest1" time="0"/>
  <testcase name="test0715" classname="RegressionTest1" time="0"/>
  <testcase name="test0716" classname="RegressionTest1" time="0"/>
  <testcase name="test0717" classname="RegressionTest1" time="0"/>
  <testcase name="test0718" classname="RegressionTest1" time="0"/>
  <testcase name="test0719" classname="RegressionTest1" time="0"/>
  <testcase name="test0720" classname="RegressionTest1" time="0"/>
  <testcase name="test0721" classname="RegressionTest1" time="0"/>
  <testcase name="test0722" classname="RegressionTest1" time="0"/>
  <testcase name="test0723" classname="RegressionTest1" time="0"/>
  <testcase name="test0724" classname="RegressionTest1" time="0"/>
  <testcase name="test0725" classname="RegressionTest1" time="0"/>
  <testcase name="test0726" classname="RegressionTest1" time="0"/>
  <testcase name="test0727" classname="RegressionTest1" time="0"/>
  <testcase name="test0728" classname="RegressionTest1" time="0"/>
  <testcase name="test0729" classname="RegressionTest1" time="0"/>
  <testcase name="test0730" classname="RegressionTest1" time="0"/>
  <testcase name="test0731" classname="RegressionTest1" time="0"/>
  <testcase name="test0732" classname="RegressionTest1" time="0"/>
  <testcase name="test0733" classname="RegressionTest1" time="0"/>
  <testcase name="test0734" classname="RegressionTest1" time="0"/>
  <testcase name="test0735" classname="RegressionTest1" time="0"/>
  <testcase name="test0736" classname="RegressionTest1" time="0"/>
  <testcase name="test0737" classname="RegressionTest1" time="0"/>
  <testcase name="test0738" classname="RegressionTest1" time="0"/>
  <testcase name="test0739" classname="RegressionTest1" time="0"/>
  <testcase name="test0740" classname="RegressionTest1" time="0"/>
  <testcase name="test0741" classname="RegressionTest1" time="0"/>
  <testcase name="test0742" classname="RegressionTest1" time="0"/>
  <testcase name="test0743" classname="RegressionTest1" time="0"/>
  <testcase name="test0744" classname="RegressionTest1" time="0"/>
  <testcase name="test0745" classname="RegressionTest1" time="0"/>
  <testcase name="test0746" classname="RegressionTest1" time="0"/>
  <testcase name="test0747" classname="RegressionTest1" time="0"/>
  <testcase name="test0748" classname="RegressionTest1" time="0"/>
  <testcase name="test0749" classname="RegressionTest1" time="0"/>
  <testcase name="test0750" classname="RegressionTest1" time="0"/>
  <testcase name="test0751" classname="RegressionTest1" time="0"/>
  <testcase name="test0752" classname="RegressionTest1" time="0"/>
  <testcase name="test0753" classname="RegressionTest1" time="0"/>
  <testcase name="test0754" classname="RegressionTest1" time="0"/>
  <testcase name="test0755" classname="RegressionTest1" time="0"/>
  <testcase name="test0756" classname="RegressionTest1" time="0"/>
  <testcase name="test0757" classname="RegressionTest1" time="0"/>
  <testcase name="test0758" classname="RegressionTest1" time="0"/>
  <testcase name="test0759" classname="RegressionTest1" time="0"/>
  <testcase name="test0760" classname="RegressionTest1" time="0"/>
  <testcase name="test0761" classname="RegressionTest1" time="0"/>
  <testcase name="test0762" classname="RegressionTest1" time="0"/>
  <testcase name="test0763" classname="RegressionTest1" time="0"/>
  <testcase name="test0764" classname="RegressionTest1" time="0"/>
  <testcase name="test0765" classname="RegressionTest1" time="0"/>
  <testcase name="test0766" classname="RegressionTest1" time="0"/>
  <testcase name="test0767" classname="RegressionTest1" time="0"/>
  <testcase name="test0768" classname="RegressionTest1" time="0"/>
  <testcase name="test0769" classname="RegressionTest1" time="0"/>
  <testcase name="test0770" classname="RegressionTest1" time="0"/>
  <testcase name="test0771" classname="RegressionTest1" time="0"/>
  <testcase name="test0772" classname="RegressionTest1" time="0"/>
  <testcase name="test0773" classname="RegressionTest1" time="0"/>
  <testcase name="test0774" classname="RegressionTest1" time="0"/>
  <testcase name="test0775" classname="RegressionTest1" time="0"/>
  <testcase name="test0776" classname="RegressionTest1" time="0"/>
  <testcase name="test0777" classname="RegressionTest1" time="0"/>
  <testcase name="test0778" classname="RegressionTest1" time="0"/>
  <testcase name="test0779" classname="RegressionTest1" time="0"/>
  <testcase name="test0780" classname="RegressionTest1" time="0"/>
  <testcase name="test0781" classname="RegressionTest1" time="0"/>
  <testcase name="test0782" classname="RegressionTest1" time="0"/>
  <testcase name="test0783" classname="RegressionTest1" time="0"/>
  <testcase name="test0784" classname="RegressionTest1" time="0"/>
  <testcase name="test0785" classname="RegressionTest1" time="0"/>
  <testcase name="test0786" classname="RegressionTest1" time="0"/>
  <testcase name="test0787" classname="RegressionTest1" time="0"/>
  <testcase name="test0788" classname="RegressionTest1" time="0"/>
  <testcase name="test0789" classname="RegressionTest1" time="0"/>
  <testcase name="test0790" classname="RegressionTest1" time="0"/>
  <testcase name="test0791" classname="RegressionTest1" time="0"/>
  <testcase name="test0792" classname="RegressionTest1" time="0"/>
  <testcase name="test0793" classname="RegressionTest1" time="0"/>
  <testcase name="test0794" classname="RegressionTest1" time="0"/>
  <testcase name="test0795" classname="RegressionTest1" time="0"/>
  <testcase name="test0796" classname="RegressionTest1" time="0"/>
  <testcase name="test0797" classname="RegressionTest1" time="0"/>
  <testcase name="test0798" classname="RegressionTest1" time="0"/>
  <testcase name="test0799" classname="RegressionTest1" time="0"/>
  <testcase name="test0800" classname="RegressionTest1" time="0"/>
  <testcase name="test0801" classname="RegressionTest1" time="0"/>
  <testcase name="test0802" classname="RegressionTest1" time="0"/>
  <testcase name="test0803" classname="RegressionTest1" time="0"/>
  <testcase name="test0804" classname="RegressionTest1" time="0"/>
  <testcase name="test0805" classname="RegressionTest1" time="0"/>
  <testcase name="test0806" classname="RegressionTest1" time="0"/>
  <testcase name="test0807" classname="RegressionTest1" time="0"/>
  <testcase name="test0808" classname="RegressionTest1" time="0"/>
  <testcase name="test0809" classname="RegressionTest1" time="0"/>
  <testcase name="test0810" classname="RegressionTest1" time="0"/>
  <testcase name="test0811" classname="RegressionTest1" time="0"/>
  <testcase name="test0812" classname="RegressionTest1" time="0"/>
  <testcase name="test0813" classname="RegressionTest1" time="0"/>
  <testcase name="test0814" classname="RegressionTest1" time="0"/>
  <testcase name="test0815" classname="RegressionTest1" time="0"/>
  <testcase name="test0816" classname="RegressionTest1" time="0"/>
  <testcase name="test0817" classname="RegressionTest1" time="0"/>
  <testcase name="test0818" classname="RegressionTest1" time="0"/>
  <testcase name="test0819" classname="RegressionTest1" time="0"/>
  <testcase name="test0820" classname="RegressionTest1" time="0"/>
  <testcase name="test0821" classname="RegressionTest1" time="0"/>
  <testcase name="test0822" classname="RegressionTest1" time="0"/>
  <testcase name="test0823" classname="RegressionTest1" time="0"/>
  <testcase name="test0824" classname="RegressionTest1" time="0"/>
  <testcase name="test0825" classname="RegressionTest1" time="0"/>
  <testcase name="test0826" classname="RegressionTest1" time="0"/>
  <testcase name="test0827" classname="RegressionTest1" time="0"/>
  <testcase name="test0828" classname="RegressionTest1" time="0"/>
  <testcase name="test0829" classname="RegressionTest1" time="0"/>
  <testcase name="test0830" classname="RegressionTest1" time="0"/>
  <testcase name="test0831" classname="RegressionTest1" time="0"/>
  <testcase name="test0832" classname="RegressionTest1" time="0"/>
  <testcase name="test0833" classname="RegressionTest1" time="0"/>
  <testcase name="test0834" classname="RegressionTest1" time="0"/>
  <testcase name="test0835" classname="RegressionTest1" time="0"/>
  <testcase name="test0836" classname="RegressionTest1" time="0"/>
  <testcase name="test0837" classname="RegressionTest1" time="0"/>
  <testcase name="test0838" classname="RegressionTest1" time="0"/>
  <testcase name="test0839" classname="RegressionTest1" time="0"/>
  <testcase name="test0840" classname="RegressionTest1" time="0"/>
  <testcase name="test0841" classname="RegressionTest1" time="0"/>
  <testcase name="test0842" classname="RegressionTest1" time="0"/>
  <testcase name="test0843" classname="RegressionTest1" time="0"/>
  <testcase name="test0844" classname="RegressionTest1" time="0"/>
  <testcase name="test0845" classname="RegressionTest1" time="0"/>
  <testcase name="test0846" classname="RegressionTest1" time="0"/>
  <testcase name="test0847" classname="RegressionTest1" time="0"/>
  <testcase name="test0848" classname="RegressionTest1" time="0"/>
  <testcase name="test0849" classname="RegressionTest1" time="0"/>
  <testcase name="test0850" classname="RegressionTest1" time="0"/>
  <testcase name="test0851" classname="RegressionTest1" time="0"/>
  <testcase name="test0852" classname="RegressionTest1" time="0"/>
  <testcase name="test0853" classname="RegressionTest1" time="0"/>
  <testcase name="test0854" classname="RegressionTest1" time="0"/>
  <testcase name="test0855" classname="RegressionTest1" time="0.001"/>
  <testcase name="test0856" classname="RegressionTest1" time="0"/>
  <testcase name="test0857" classname="RegressionTest1" time="0"/>
  <testcase name="test0858" classname="RegressionTest1" time="0"/>
  <testcase name="test0859" classname="RegressionTest1" time="0"/>
  <testcase name="test0860" classname="RegressionTest1" time="0"/>
  <testcase name="test0861" classname="RegressionTest1" time="0"/>
  <testcase name="test0862" classname="RegressionTest1" time="0"/>
  <testcase name="test0863" classname="RegressionTest1" time="0"/>
  <testcase name="test0864" classname="RegressionTest1" time="0"/>
  <testcase name="test0865" classname="RegressionTest1" time="0"/>
  <testcase name="test0866" classname="RegressionTest1" time="0"/>
  <testcase name="test0867" classname="RegressionTest1" time="0"/>
  <testcase name="test0868" classname="RegressionTest1" time="0"/>
  <testcase name="test0869" classname="RegressionTest1" time="0"/>
  <testcase name="test0870" classname="RegressionTest1" time="0"/>
  <testcase name="test0871" classname="RegressionTest1" time="0"/>
  <testcase name="test0872" classname="RegressionTest1" time="0"/>
  <testcase name="test0873" classname="RegressionTest1" time="0"/>
  <testcase name="test0874" classname="RegressionTest1" time="0"/>
  <testcase name="test0875" classname="RegressionTest1" time="0"/>
  <testcase name="test0876" classname="RegressionTest1" time="0"/>
  <testcase name="test0877" classname="RegressionTest1" time="0"/>
  <testcase name="test0878" classname="RegressionTest1" time="0"/>
  <testcase name="test0879" classname="RegressionTest1" time="0"/>
  <testcase name="test0880" classname="RegressionTest1" time="0"/>
  <testcase name="test0881" classname="RegressionTest1" time="0"/>
  <testcase name="test0882" classname="RegressionTest1" time="0"/>
  <testcase name="test0883" classname="RegressionTest1" time="0"/>
  <testcase name="test0884" classname="RegressionTest1" time="0"/>
  <testcase name="test0885" classname="RegressionTest1" time="0"/>
  <testcase name="test0886" classname="RegressionTest1" time="0"/>
  <testcase name="test0887" classname="RegressionTest1" time="0"/>
  <testcase name="test0888" classname="RegressionTest1" time="0"/>
  <testcase name="test0889" classname="RegressionTest1" time="0"/>
  <testcase name="test0890" classname="RegressionTest1" time="0"/>
  <testcase name="test0891" classname="RegressionTest1" time="0"/>
  <testcase name="test0892" classname="RegressionTest1" time="0"/>
  <testcase name="test0893" classname="RegressionTest1" time="0"/>
  <testcase name="test0894" classname="RegressionTest1" time="0"/>
  <testcase name="test0895" classname="RegressionTest1" time="0"/>
  <testcase name="test0896" classname="RegressionTest1" time="0"/>
  <testcase name="test0897" classname="RegressionTest1" time="0"/>
  <testcase name="test0898" classname="RegressionTest1" time="0"/>
  <testcase name="test0899" classname="RegressionTest1" time="0"/>
  <testcase name="test0900" classname="RegressionTest1" time="0"/>
  <testcase name="test0901" classname="RegressionTest1" time="0"/>
  <testcase name="test0902" classname="RegressionTest1" time="0"/>
  <testcase name="test0903" classname="RegressionTest1" time="0"/>
  <testcase name="test0904" classname="RegressionTest1" time="0"/>
  <testcase name="test0905" classname="RegressionTest1" time="0"/>
  <testcase name="test0906" classname="RegressionTest1" time="0"/>
  <testcase name="test0907" classname="RegressionTest1" time="0"/>
  <testcase name="test0908" classname="RegressionTest1" time="0"/>
  <testcase name="test0909" classname="RegressionTest1" time="0"/>
  <testcase name="test0910" classname="RegressionTest1" time="0"/>
  <testcase name="test0911" classname="RegressionTest1" time="0"/>
  <testcase name="test0912" classname="RegressionTest1" time="0"/>
  <testcase name="test0913" classname="RegressionTest1" time="0"/>
  <testcase name="test0914" classname="RegressionTest1" time="0"/>
  <testcase name="test0915" classname="RegressionTest1" time="0"/>
  <testcase name="test0916" classname="RegressionTest1" time="0"/>
  <testcase name="test0917" classname="RegressionTest1" time="0"/>
  <testcase name="test0918" classname="RegressionTest1" time="0"/>
  <testcase name="test0919" classname="RegressionTest1" time="0"/>
  <testcase name="test0920" classname="RegressionTest1" time="0"/>
  <testcase name="test0921" classname="RegressionTest1" time="0"/>
  <testcase name="test0922" classname="RegressionTest1" time="0"/>
  <testcase name="test0923" classname="RegressionTest1" time="0"/>
  <testcase name="test0924" classname="RegressionTest1" time="0"/>
  <testcase name="test0925" classname="RegressionTest1" time="0"/>
  <testcase name="test0926" classname="RegressionTest1" time="0"/>
  <testcase name="test0927" classname="RegressionTest1" time="0"/>
  <testcase name="test0928" classname="RegressionTest1" time="0.001"/>
  <testcase name="test0929" classname="RegressionTest1" time="0"/>
  <testcase name="test0930" classname="RegressionTest1" time="0"/>
  <testcase name="test0931" classname="RegressionTest1" time="0"/>
  <testcase name="test0932" classname="RegressionTest1" time="0"/>
  <testcase name="test0933" classname="RegressionTest1" time="0"/>
  <testcase name="test0934" classname="RegressionTest1" time="0"/>
  <testcase name="test0935" classname="RegressionTest1" time="0"/>
  <testcase name="test0936" classname="RegressionTest1" time="0"/>
  <testcase name="test0937" classname="RegressionTest1" time="0"/>
  <testcase name="test0938" classname="RegressionTest1" time="0"/>
  <testcase name="test0939" classname="RegressionTest1" time="0"/>
  <testcase name="test0940" classname="RegressionTest1" time="0"/>
  <testcase name="test0941" classname="RegressionTest1" time="0"/>
  <testcase name="test0942" classname="RegressionTest1" time="0"/>
  <testcase name="test0943" classname="RegressionTest1" time="0"/>
  <testcase name="test0944" classname="RegressionTest1" time="0"/>
  <testcase name="test0945" classname="RegressionTest1" time="0"/>
  <testcase name="test0946" classname="RegressionTest1" time="0"/>
  <testcase name="test0947" classname="RegressionTest1" time="0"/>
  <testcase name="test0948" classname="RegressionTest1" time="0"/>
  <testcase name="test0949" classname="RegressionTest1" time="0"/>
  <testcase name="test0950" classname="RegressionTest1" time="0"/>
  <testcase name="test0951" classname="RegressionTest1" time="0"/>
  <testcase name="test0952" classname="RegressionTest1" time="0"/>
  <testcase name="test0953" classname="RegressionTest1" time="0"/>
  <testcase name="test0954" classname="RegressionTest1" time="0"/>
  <testcase name="test0955" classname="RegressionTest1" time="0"/>
  <testcase name="test0956" classname="RegressionTest1" time="0"/>
  <testcase name="test0957" classname="RegressionTest1" time="0"/>
  <testcase name="test0958" classname="RegressionTest1" time="0"/>
  <testcase name="test0959" classname="RegressionTest1" time="0"/>
  <testcase name="test0960" classname="RegressionTest1" time="0"/>
  <testcase name="test0961" classname="RegressionTest1" time="0"/>
  <testcase name="test0962" classname="RegressionTest1" time="0"/>
  <testcase name="test0963" classname="RegressionTest1" time="0"/>
  <testcase name="test0964" classname="RegressionTest1" time="0"/>
  <testcase name="test0965" classname="RegressionTest1" time="0"/>
  <testcase name="test0966" classname="RegressionTest1" time="0.001"/>
  <testcase name="test0967" classname="RegressionTest1" time="0"/>
  <testcase name="test0968" classname="RegressionTest1" time="0"/>
  <testcase name="test0969" classname="RegressionTest1" time="0"/>
  <testcase name="test0970" classname="RegressionTest1" time="0"/>
  <testcase name="test0971" classname="RegressionTest1" time="0"/>
  <testcase name="test0972" classname="RegressionTest1" time="0"/>
  <testcase name="test0973" classname="RegressionTest1" time="0"/>
  <testcase name="test0974" classname="RegressionTest1" time="0"/>
  <testcase name="test0975" classname="RegressionTest1" time="0"/>
  <testcase name="test0976" classname="RegressionTest1" time="0"/>
  <testcase name="test0977" classname="RegressionTest1" time="0"/>
  <testcase name="test0978" classname="RegressionTest1" time="0"/>
  <testcase name="test0979" classname="RegressionTest1" time="0"/>
  <testcase name="test0980" classname="RegressionTest1" time="0"/>
  <testcase name="test0981" classname="RegressionTest1" time="0"/>
  <testcase name="test0982" classname="RegressionTest1" time="0"/>
  <testcase name="test0983" classname="RegressionTest1" time="0"/>
  <testcase name="test0984" classname="RegressionTest1" time="0"/>
  <testcase name="test0985" classname="RegressionTest1" time="0"/>
  <testcase name="test0986" classname="RegressionTest1" time="0"/>
  <testcase name="test0987" classname="RegressionTest1" time="0"/>
  <testcase name="test0988" classname="RegressionTest1" time="0"/>
  <testcase name="test0989" classname="RegressionTest1" time="0"/>
  <testcase name="test0990" classname="RegressionTest1" time="0"/>
  <testcase name="test0991" classname="RegressionTest1" time="0"/>
  <testcase name="test0992" classname="RegressionTest1" time="0"/>
  <testcase name="test0993" classname="RegressionTest1" time="0"/>
  <testcase name="test0994" classname="RegressionTest1" time="0"/>
  <testcase name="test0995" classname="RegressionTest1" time="0"/>
  <testcase name="test0996" classname="RegressionTest1" time="0"/>
  <testcase name="test0997" classname="RegressionTest1" time="0"/>
  <testcase name="test0998" classname="RegressionTest1" time="0"/>
  <testcase name="test0999" classname="RegressionTest1" time="0"/>
  <testcase name="test1000" classname="RegressionTest1" time="0"/>
  <testcase name="test1001" classname="RegressionTest2" time="0"/>
  <testcase name="test1002" classname="RegressionTest2" time="0"/>
  <testcase name="test1003" classname="RegressionTest2" time="0"/>
  <testcase name="test1004" classname="RegressionTest2" time="0"/>
  <testcase name="test1005" classname="RegressionTest2" time="0"/>
  <testcase name="test1006" classname="RegressionTest2" time="0"/>
  <testcase name="test1007" classname="RegressionTest2" time="0"/>
  <testcase name="test1008" classname="RegressionTest2" time="0"/>
  <testcase name="test1009" classname="RegressionTest2" time="0"/>
  <testcase name="test1010" classname="RegressionTest2" time="0"/>
  <testcase name="test1011" classname="RegressionTest2" time="0"/>
  <testcase name="test1012" classname="RegressionTest2" time="0"/>
  <testcase name="test1013" classname="RegressionTest2" time="0"/>
  <testcase name="test1014" classname="RegressionTest2" time="0"/>
  <testcase name="test1015" classname="RegressionTest2" time="0"/>
  <testcase name="test1016" classname="RegressionTest2" time="0"/>
  <testcase name="test1017" classname="RegressionTest2" time="0"/>
  <testcase name="test1018" classname="RegressionTest2" time="0"/>
  <testcase name="test1019" classname="RegressionTest2" time="0"/>
  <testcase name="test1020" classname="RegressionTest2" time="0"/>
  <testcase name="test1021" classname="RegressionTest2" time="0"/>
  <testcase name="test1022" classname="RegressionTest2" time="0"/>
  <testcase name="test1023" classname="RegressionTest2" time="0"/>
  <testcase name="test1024" classname="RegressionTest2" time="0"/>
  <testcase name="test1025" classname="RegressionTest2" time="0"/>
  <testcase name="test1026" classname="RegressionTest2" time="0"/>
  <testcase name="test1027" classname="RegressionTest2" time="0"/>
  <testcase name="test1028" classname="RegressionTest2" time="0"/>
  <testcase name="test1029" classname="RegressionTest2" time="0.001"/>
  <testcase name="test1030" classname="RegressionTest2" time="0"/>
  <testcase name="test1031" classname="RegressionTest2" time="0"/>
  <testcase name="test1032" classname="RegressionTest2" time="0"/>
  <testcase name="test1033" classname="RegressionTest2" time="0"/>
  <testcase name="test1034" classname="RegressionTest2" time="0"/>
  <testcase name="test1035" classname="RegressionTest2" time="0"/>
  <testcase name="test1036" classname="RegressionTest2" time="0"/>
  <testcase name="test1037" classname="RegressionTest2" time="0"/>
  <testcase name="test1038" classname="RegressionTest2" time="0"/>
  <testcase name="test1039" classname="RegressionTest2" time="0"/>
  <testcase name="test1040" classname="RegressionTest2" time="0"/>
  <testcase name="test1041" classname="RegressionTest2" time="0"/>
  <testcase name="test1042" classname="RegressionTest2" time="0"/>
  <testcase name="test1043" classname="RegressionTest2" time="0"/>
  <testcase name="test1044" classname="RegressionTest2" time="0"/>
  <testcase name="test1045" classname="RegressionTest2" time="0"/>
  <testcase name="test1046" classname="RegressionTest2" time="0"/>
  <testcase name="test1047" classname="RegressionTest2" time="0"/>
  <testcase name="test1048" classname="RegressionTest2" time="0"/>
  <testcase name="test1049" classname="RegressionTest2" time="0"/>
  <testcase name="test1050" classname="RegressionTest2" time="0"/>
  <testcase name="test1051" classname="RegressionTest2" time="0"/>
  <testcase name="test1052" classname="RegressionTest2" time="0"/>
  <testcase name="test1053" classname="RegressionTest2" time="0"/>
  <testcase name="test1054" classname="RegressionTest2" time="0"/>
  <testcase name="test1055" classname="RegressionTest2" time="0"/>
  <testcase name="test1056" classname="RegressionTest2" time="0"/>
  <testcase name="test1057" classname="RegressionTest2" time="0"/>
  <testcase name="test1058" classname="RegressionTest2" time="0"/>
  <testcase name="test1059" classname="RegressionTest2" time="0"/>
  <testcase name="test1060" classname="RegressionTest2" time="0"/>
  <testcase name="test1061" classname="RegressionTest2" time="0"/>
  <testcase name="test1062" classname="RegressionTest2" time="0"/>
  <testcase name="test1063" classname="RegressionTest2" time="0"/>
  <testcase name="test1064" classname="RegressionTest2" time="0"/>
  <testcase name="test1065" classname="RegressionTest2" time="0"/>
  <testcase name="test1066" classname="RegressionTest2" time="0"/>
  <testcase name="test1067" classname="RegressionTest2" time="0"/>
  <testcase name="test1068" classname="RegressionTest2" time="0"/>
  <testcase name="test1069" classname="RegressionTest2" time="0"/>
  <testcase name="test1070" classname="RegressionTest2" time="0"/>
  <testcase name="test1071" classname="RegressionTest2" time="0"/>
  <testcase name="test1072" classname="RegressionTest2" time="0"/>
  <testcase name="test1073" classname="RegressionTest2" time="0"/>
  <testcase name="test1074" classname="RegressionTest2" time="0.001"/>
  <testcase name="test1075" classname="RegressionTest2" time="0"/>
  <testcase name="test1076" classname="RegressionTest2" time="0"/>
  <testcase name="test1077" classname="RegressionTest2" time="0"/>
  <testcase name="test1078" classname="RegressionTest2" time="0"/>
  <testcase name="test1079" classname="RegressionTest2" time="0"/>
  <testcase name="test1080" classname="RegressionTest2" time="0"/>
  <testcase name="test1081" classname="RegressionTest2" time="0"/>
  <testcase name="test1082" classname="RegressionTest2" time="0"/>
  <testcase name="test1083" classname="RegressionTest2" time="0"/>
  <testcase name="test1084" classname="RegressionTest2" time="0"/>
  <testcase name="test1085" classname="RegressionTest2" time="0"/>
  <testcase name="test1086" classname="RegressionTest2" time="0"/>
  <testcase name="test1087" classname="RegressionTest2" time="0"/>
  <testcase name="test1088" classname="RegressionTest2" time="0"/>
  <testcase name="test1089" classname="RegressionTest2" time="0"/>
  <testcase name="test1090" classname="RegressionTest2" time="0"/>
  <testcase name="test1091" classname="RegressionTest2" time="0"/>
  <testcase name="test1092" classname="RegressionTest2" time="0"/>
  <testcase name="test1093" classname="RegressionTest2" time="0"/>
  <testcase name="test1094" classname="RegressionTest2" time="0"/>
  <testcase name="test1095" classname="RegressionTest2" time="0"/>
  <testcase name="test1096" classname="RegressionTest2" time="0"/>
  <testcase name="test1097" classname="RegressionTest2" time="0"/>
  <testcase name="test1098" classname="RegressionTest2" time="0"/>
  <testcase name="test1099" classname="RegressionTest2" time="0"/>
  <testcase name="test1100" classname="RegressionTest2" time="0"/>
  <testcase name="test1101" classname="RegressionTest2" time="0"/>
  <testcase name="test1102" classname="RegressionTest2" time="0"/>
  <testcase name="test1103" classname="RegressionTest2" time="0"/>
  <testcase name="test1104" classname="RegressionTest2" time="0"/>
  <testcase name="test1105" classname="RegressionTest2" time="0"/>
  <testcase name="test1106" classname="RegressionTest2" time="0"/>
  <testcase name="test1107" classname="RegressionTest2" time="0"/>
  <testcase name="test1108" classname="RegressionTest2" time="0"/>
  <testcase name="test1109" classname="RegressionTest2" time="0"/>
  <testcase name="test1110" classname="RegressionTest2" time="0"/>
  <testcase name="test1111" classname="RegressionTest2" time="0"/>
  <testcase name="test1112" classname="RegressionTest2" time="0"/>
  <testcase name="test1113" classname="RegressionTest2" time="0"/>
  <testcase name="test1114" classname="RegressionTest2" time="0"/>
  <testcase name="test1115" classname="RegressionTest2" time="0"/>
  <testcase name="test1116" classname="RegressionTest2" time="0"/>
  <testcase name="test1117" classname="RegressionTest2" time="0"/>
  <testcase name="test1118" classname="RegressionTest2" time="0"/>
  <testcase name="test1119" classname="RegressionTest2" time="0"/>
  <testcase name="test1120" classname="RegressionTest2" time="0"/>
  <testcase name="test1121" classname="RegressionTest2" time="0"/>
  <testcase name="test1122" classname="RegressionTest2" time="0"/>
  <testcase name="test1123" classname="RegressionTest2" time="0"/>
  <testcase name="test1124" classname="RegressionTest2" time="0"/>
  <testcase name="test1125" classname="RegressionTest2" time="0"/>
  <testcase name="test1126" classname="RegressionTest2" time="0"/>
  <testcase name="test1127" classname="RegressionTest2" time="0"/>
  <testcase name="test1128" classname="RegressionTest2" time="0"/>
  <testcase name="test1129" classname="RegressionTest2" time="0"/>
  <testcase name="test1130" classname="RegressionTest2" time="0"/>
  <testcase name="test1131" classname="RegressionTest2" time="0"/>
  <testcase name="test1132" classname="RegressionTest2" time="0"/>
  <testcase name="test1133" classname="RegressionTest2" time="0"/>
  <testcase name="test1134" classname="RegressionTest2" time="0"/>
  <testcase name="test1135" classname="RegressionTest2" time="0"/>
  <testcase name="test1136" classname="RegressionTest2" time="0"/>
  <testcase name="test1137" classname="RegressionTest2" time="0"/>
  <testcase name="test1138" classname="RegressionTest2" time="0"/>
  <testcase name="test1139" classname="RegressionTest2" time="0"/>
  <testcase name="test1140" classname="RegressionTest2" time="0"/>
  <testcase name="test1141" classname="RegressionTest2" time="0"/>
  <testcase name="test1142" classname="RegressionTest2" time="0"/>
  <testcase name="test1143" classname="RegressionTest2" time="0"/>
  <testcase name="test1144" classname="RegressionTest2" time="0"/>
  <testcase name="test1145" classname="RegressionTest2" time="0"/>
  <testcase name="test1146" classname="RegressionTest2" time="0"/>
  <testcase name="test1147" classname="RegressionTest2" time="0"/>
  <testcase name="test1148" classname="RegressionTest2" time="0"/>
  <testcase name="test1149" classname="RegressionTest2" time="0"/>
  <testcase name="test1150" classname="RegressionTest2" time="0"/>
  <testcase name="test1151" classname="RegressionTest2" time="0"/>
  <testcase name="test1152" classname="RegressionTest2" time="0"/>
  <testcase name="test1153" classname="RegressionTest2" time="0"/>
  <testcase name="test1154" classname="RegressionTest2" time="0"/>
  <testcase name="test1155" classname="RegressionTest2" time="0"/>
  <testcase name="test1156" classname="RegressionTest2" time="0"/>
  <testcase name="test1157" classname="RegressionTest2" time="0"/>
  <testcase name="test1158" classname="RegressionTest2" time="0.001"/>
  <testcase name="test1159" classname="RegressionTest2" time="0"/>
  <testcase name="test1160" classname="RegressionTest2" time="0"/>
  <testcase name="test1161" classname="RegressionTest2" time="0"/>
  <testcase name="test1162" classname="RegressionTest2" time="0"/>
  <testcase name="test1163" classname="RegressionTest2" time="0"/>
  <testcase name="test1164" classname="RegressionTest2" time="0"/>
  <testcase name="test1165" classname="RegressionTest2" time="0"/>
  <testcase name="test1166" classname="RegressionTest2" time="0"/>
  <testcase name="test1167" classname="RegressionTest2" time="0"/>
  <testcase name="test1168" classname="RegressionTest2" time="0"/>
  <testcase name="test1169" classname="RegressionTest2" time="0"/>
  <testcase name="test1170" classname="RegressionTest2" time="0"/>
  <testcase name="test1171" classname="RegressionTest2" time="0"/>
  <testcase name="test1172" classname="RegressionTest2" time="0"/>
  <testcase name="test1173" classname="RegressionTest2" time="0"/>
  <testcase name="test1174" classname="RegressionTest2" time="0"/>
  <testcase name="test1175" classname="RegressionTest2" time="0"/>
  <testcase name="test1176" classname="RegressionTest2" time="0"/>
  <testcase name="test1177" classname="RegressionTest2" time="0"/>
  <testcase name="test1178" classname="RegressionTest2" time="0"/>
  <testcase name="test1179" classname="RegressionTest2" time="0"/>
  <testcase name="test1180" classname="RegressionTest2" time="0"/>
  <testcase name="test1181" classname="RegressionTest2" time="0"/>
  <testcase name="test1182" classname="RegressionTest2" time="0"/>
  <testcase name="test1183" classname="RegressionTest2" time="0"/>
  <testcase name="test1184" classname="RegressionTest2" time="0"/>
  <testcase name="test1185" classname="RegressionTest2" time="0"/>
  <testcase name="test1186" classname="RegressionTest2" time="0"/>
  <testcase name="test1187" classname="RegressionTest2" time="0"/>
  <testcase name="test1188" classname="RegressionTest2" time="0"/>
  <testcase name="test1189" classname="RegressionTest2" time="0"/>
  <testcase name="test1190" classname="RegressionTest2" time="0"/>
  <testcase name="test1191" classname="RegressionTest2" time="0"/>
  <testcase name="test1192" classname="RegressionTest2" time="0"/>
  <testcase name="test1193" classname="RegressionTest2" time="0"/>
  <testcase name="test1194" classname="RegressionTest2" time="0"/>
  <testcase name="test1195" classname="RegressionTest2" time="0"/>
  <testcase name="test1196" classname="RegressionTest2" time="0"/>
  <testcase name="test1197" classname="RegressionTest2" time="0"/>
  <testcase name="test1198" classname="RegressionTest2" time="0"/>
  <testcase name="test1199" classname="RegressionTest2" time="0"/>
  <testcase name="test1200" classname="RegressionTest2" time="0"/>
  <testcase name="test1201" classname="RegressionTest2" time="0"/>
  <testcase name="test1202" classname="RegressionTest2" time="0"/>
  <testcase name="test1203" classname="RegressionTest2" time="0"/>
  <testcase name="test1204" classname="RegressionTest2" time="0"/>
  <testcase name="test1205" classname="RegressionTest2" time="0"/>
  <testcase name="test1206" classname="RegressionTest2" time="0"/>
  <testcase name="test1207" classname="RegressionTest2" time="0"/>
  <testcase name="test1208" classname="RegressionTest2" time="0"/>
  <testcase name="test1209" classname="RegressionTest2" time="0"/>
  <testcase name="test1210" classname="RegressionTest2" time="0"/>
  <testcase name="test1211" classname="RegressionTest2" time="0"/>
  <testcase name="test1212" classname="RegressionTest2" time="0"/>
  <testcase name="test1213" classname="RegressionTest2" time="0"/>
  <testcase name="test1214" classname="RegressionTest2" time="0"/>
  <testcase name="test1215" classname="RegressionTest2" time="0"/>
  <testcase name="test1216" classname="RegressionTest2" time="0"/>
  <testcase name="test1217" classname="RegressionTest2" time="0"/>
  <testcase name="test1218" classname="RegressionTest2" time="0"/>
  <testcase name="test1219" classname="RegressionTest2" time="0"/>
  <testcase name="test1220" classname="RegressionTest2" time="0"/>
  <testcase name="test1221" classname="RegressionTest2" time="0"/>
  <testcase name="test1222" classname="RegressionTest2" time="0"/>
  <testcase name="test1223" classname="RegressionTest2" time="0"/>
  <testcase name="test1224" classname="RegressionTest2" time="0"/>
  <testcase name="test1225" classname="RegressionTest2" time="0"/>
  <testcase name="test1226" classname="RegressionTest2" time="0"/>
  <testcase name="test1227" classname="RegressionTest2" time="0"/>
  <testcase name="test1228" classname="RegressionTest2" time="0"/>
  <testcase name="test1229" classname="RegressionTest2" time="0"/>
  <testcase name="test1230" classname="RegressionTest2" time="0"/>
  <testcase name="test1231" classname="RegressionTest2" time="0"/>
  <testcase name="test1232" classname="RegressionTest2" time="0"/>
  <testcase name="test1233" classname="RegressionTest2" time="0"/>
  <testcase name="test1234" classname="RegressionTest2" time="0"/>
  <testcase name="test1235" classname="RegressionTest2" time="0"/>
  <testcase name="test1236" classname="RegressionTest2" time="0"/>
  <testcase name="test1237" classname="RegressionTest2" time="0"/>
  <testcase name="test1238" classname="RegressionTest2" time="0"/>
  <testcase name="test1239" classname="RegressionTest2" time="0"/>
  <testcase name="test1240" classname="RegressionTest2" time="0"/>
  <testcase name="test1241" classname="RegressionTest2" time="0"/>
  <testcase name="test1242" classname="RegressionTest2" time="0"/>
  <testcase name="test1243" classname="RegressionTest2" time="0"/>
  <testcase name="test1244" classname="RegressionTest2" time="0"/>
  <testcase name="test1245" classname="RegressionTest2" time="0"/>
  <testcase name="test1246" classname="RegressionTest2" time="0"/>
  <testcase name="test1247" classname="RegressionTest2" time="0"/>
  <testcase name="test1248" classname="RegressionTest2" time="0"/>
  <testcase name="test1249" classname="RegressionTest2" time="0"/>
  <testcase name="test1250" classname="RegressionTest2" time="0"/>
  <testcase name="test1251" classname="RegressionTest2" time="0"/>
  <testcase name="test1252" classname="RegressionTest2" time="0"/>
  <testcase name="test1253" classname="RegressionTest2" time="0"/>
  <testcase name="test1254" classname="RegressionTest2" time="0"/>
  <testcase name="test1255" classname="RegressionTest2" time="0"/>
  <testcase name="test1256" classname="RegressionTest2" time="0"/>
  <testcase name="test1257" classname="RegressionTest2" time="0"/>
  <testcase name="test1258" classname="RegressionTest2" time="0.001"/>
  <testcase name="test1259" classname="RegressionTest2" time="0"/>
  <testcase name="test1260" classname="RegressionTest2" time="0"/>
  <testcase name="test1261" classname="RegressionTest2" time="0"/>
  <testcase name="test1262" classname="RegressionTest2" time="0"/>
  <testcase name="test1263" classname="RegressionTest2" time="0"/>
  <testcase name="test1264" classname="RegressionTest2" time="0"/>
  <testcase name="test1265" classname="RegressionTest2" time="0"/>
  <testcase name="test1266" classname="RegressionTest2" time="0"/>
  <testcase name="test1267" classname="RegressionTest2" time="0"/>
  <testcase name="test1268" classname="RegressionTest2" time="0"/>
  <testcase name="test1269" classname="RegressionTest2" time="0"/>
  <testcase name="test1270" classname="RegressionTest2" time="0"/>
  <testcase name="test1271" classname="RegressionTest2" time="0"/>
  <testcase name="test1272" classname="RegressionTest2" time="0"/>
  <testcase name="test1273" classname="RegressionTest2" time="0"/>
  <testcase name="test1274" classname="RegressionTest2" time="0"/>
  <testcase name="test1275" classname="RegressionTest2" time="0"/>
  <testcase name="test1276" classname="RegressionTest2" time="0"/>
  <testcase name="test1277" classname="RegressionTest2" time="0"/>
  <testcase name="test1278" classname="RegressionTest2" time="0"/>
  <testcase name="test1279" classname="RegressionTest2" time="0"/>
  <testcase name="test1280" classname="RegressionTest2" time="0"/>
  <testcase name="test1281" classname="RegressionTest2" time="0"/>
  <testcase name="test1282" classname="RegressionTest2" time="0"/>
  <testcase name="test1283" classname="RegressionTest2" time="0"/>
  <testcase name="test1284" classname="RegressionTest2" time="0"/>
  <testcase name="test1285" classname="RegressionTest2" time="0"/>
  <testcase name="test1286" classname="RegressionTest2" time="0"/>
  <testcase name="test1287" classname="RegressionTest2" time="0"/>
  <testcase name="test1288" classname="RegressionTest2" time="0"/>
  <testcase name="test1289" classname="RegressionTest2" time="0"/>
  <testcase name="test1290" classname="RegressionTest2" time="0"/>
  <testcase name="test1291" classname="RegressionTest2" time="0"/>
  <testcase name="test1292" classname="RegressionTest2" time="0"/>
  <testcase name="test1293" classname="RegressionTest2" time="0"/>
  <testcase name="test1294" classname="RegressionTest2" time="0"/>
  <testcase name="test1295" classname="RegressionTest2" time="0"/>
  <testcase name="test1296" classname="RegressionTest2" time="0"/>
  <testcase name="test1297" classname="RegressionTest2" time="0"/>
  <testcase name="test1298" classname="RegressionTest2" time="0"/>
  <testcase name="test1299" classname="RegressionTest2" time="0"/>
  <testcase name="test1300" classname="RegressionTest2" time="0"/>
  <testcase name="test1301" classname="RegressionTest2" time="0"/>
  <testcase name="test1302" classname="RegressionTest2" time="0"/>
  <testcase name="test1303" classname="RegressionTest2" time="0"/>
  <testcase name="test1304" classname="RegressionTest2" time="0"/>
  <testcase name="test1305" classname="RegressionTest2" time="0"/>
  <testcase name="test1306" classname="RegressionTest2" time="0"/>
  <testcase name="test1307" classname="RegressionTest2" time="0"/>
  <testcase name="test1308" classname="RegressionTest2" time="0"/>
  <testcase name="test1309" classname="RegressionTest2" time="0.001"/>
  <testcase name="test1310" classname="RegressionTest2" time="0"/>
  <testcase name="test1311" classname="RegressionTest2" time="0"/>
  <testcase name="test1312" classname="RegressionTest2" time="0"/>
  <testcase name="test1313" classname="RegressionTest2" time="0"/>
  <testcase name="test1314" classname="RegressionTest2" time="0"/>
  <testcase name="test1315" classname="RegressionTest2" time="0"/>
  <testcase name="test1316" classname="RegressionTest2" time="0"/>
  <testcase name="test1317" classname="RegressionTest2" time="0"/>
  <testcase name="test1318" classname="RegressionTest2" time="0"/>
  <testcase name="test1319" classname="RegressionTest2" time="0"/>
  <testcase name="test1320" classname="RegressionTest2" time="0"/>
  <testcase name="test1321" classname="RegressionTest2" time="0"/>
  <testcase name="test1322" classname="RegressionTest2" time="0"/>
  <testcase name="test1323" classname="RegressionTest2" time="0"/>
  <testcase name="test1324" classname="RegressionTest2" time="0"/>
  <testcase name="test1325" classname="RegressionTest2" time="0"/>
  <testcase name="test1326" classname="RegressionTest2" time="0"/>
  <testcase name="test1327" classname="RegressionTest2" time="0"/>
  <testcase name="test1328" classname="RegressionTest2" time="0"/>
  <testcase name="test1329" classname="RegressionTest2" time="0"/>
  <testcase name="test1330" classname="RegressionTest2" time="0"/>
  <testcase name="test1331" classname="RegressionTest2" time="0"/>
  <testcase name="test1332" classname="RegressionTest2" time="0"/>
  <testcase name="test1333" classname="RegressionTest2" time="0"/>
  <testcase name="test1334" classname="RegressionTest2" time="0"/>
  <testcase name="test1335" classname="RegressionTest2" time="0"/>
  <testcase name="test1336" classname="RegressionTest2" time="0"/>
  <testcase name="test1337" classname="RegressionTest2" time="0"/>
  <testcase name="test1338" classname="RegressionTest2" time="0"/>
  <testcase name="test1339" classname="RegressionTest2" time="0"/>
  <testcase name="test1340" classname="RegressionTest2" time="0"/>
  <testcase name="test1341" classname="RegressionTest2" time="0"/>
  <testcase name="test1342" classname="RegressionTest2" time="0"/>
  <testcase name="test1343" classname="RegressionTest2" time="0"/>
  <testcase name="test1344" classname="RegressionTest2" time="0"/>
  <testcase name="test1345" classname="RegressionTest2" time="0"/>
  <testcase name="test1346" classname="RegressionTest2" time="0"/>
  <testcase name="test1347" classname="RegressionTest2" time="0"/>
  <testcase name="test1348" classname="RegressionTest2" time="0"/>
  <testcase name="test1349" classname="RegressionTest2" time="0"/>
  <testcase name="test1350" classname="RegressionTest2" time="0"/>
  <testcase name="test1351" classname="RegressionTest2" time="0"/>
  <testcase name="test1352" classname="RegressionTest2" time="0"/>
  <testcase name="test1353" classname="RegressionTest2" time="0"/>
  <testcase name="test1354" classname="RegressionTest2" time="0"/>
  <testcase name="test1355" classname="RegressionTest2" time="0"/>
  <testcase name="test1356" classname="RegressionTest2" time="0"/>
  <testcase name="test1357" classname="RegressionTest2" time="0.001"/>
  <testcase name="test1358" classname="RegressionTest2" time="0"/>
  <testcase name="test1359" classname="RegressionTest2" time="0"/>
  <testcase name="test1360" classname="RegressionTest2" time="0"/>
  <testcase name="test1361" classname="RegressionTest2" time="0"/>
  <testcase name="test1362" classname="RegressionTest2" time="0"/>
  <testcase name="test1363" classname="RegressionTest2" time="0"/>
  <testcase name="test1364" classname="RegressionTest2" time="0"/>
  <testcase name="test1365" classname="RegressionTest2" time="0"/>
  <testcase name="test1366" classname="RegressionTest2" time="0"/>
  <testcase name="test1367" classname="RegressionTest2" time="0"/>
  <testcase name="test1368" classname="RegressionTest2" time="0"/>
  <testcase name="test1369" classname="RegressionTest2" time="0"/>
  <testcase name="test1370" classname="RegressionTest2" time="0"/>
  <testcase name="test1371" classname="RegressionTest2" time="0"/>
  <testcase name="test1372" classname="RegressionTest2" time="0"/>
  <testcase name="test1373" classname="RegressionTest2" time="0"/>
  <testcase name="test1374" classname="RegressionTest2" time="0"/>
  <testcase name="test1375" classname="RegressionTest2" time="0"/>
  <testcase name="test1376" classname="RegressionTest2" time="0"/>
  <testcase name="test1377" classname="RegressionTest2" time="0"/>
  <testcase name="test1378" classname="RegressionTest2" time="0"/>
  <testcase name="test1379" classname="RegressionTest2" time="0"/>
  <testcase name="test1380" classname="RegressionTest2" time="0"/>
  <testcase name="test1381" classname="RegressionTest2" time="0"/>
  <testcase name="test1382" classname="RegressionTest2" time="0"/>
  <testcase name="test1383" classname="RegressionTest2" time="0"/>
  <testcase name="test1384" classname="RegressionTest2" time="0"/>
  <testcase name="test1385" classname="RegressionTest2" time="0"/>
  <testcase name="test1386" classname="RegressionTest2" time="0"/>
  <testcase name="test1387" classname="RegressionTest2" time="0"/>
  <testcase name="test1388" classname="RegressionTest2" time="0"/>
  <testcase name="test1389" classname="RegressionTest2" time="0"/>
  <testcase name="test1390" classname="RegressionTest2" time="0"/>
  <testcase name="test1391" classname="RegressionTest2" time="0"/>
  <testcase name="test1392" classname="RegressionTest2" time="0"/>
  <testcase name="test1393" classname="RegressionTest2" time="0"/>
  <testcase name="test1394" classname="RegressionTest2" time="0"/>
  <testcase name="test1395" classname="RegressionTest2" time="0"/>
  <testcase name="test1396" classname="RegressionTest2" time="0"/>
  <testcase name="test1397" classname="RegressionTest2" time="0"/>
  <testcase name="test1398" classname="RegressionTest2" time="0"/>
  <testcase name="test1399" classname="RegressionTest2" time="0"/>
  <testcase name="test1400" classname="RegressionTest2" time="0"/>
  <testcase name="test1401" classname="RegressionTest2" time="0"/>
  <testcase name="test1402" classname="RegressionTest2" time="0"/>
  <testcase name="test1403" classname="RegressionTest2" time="0"/>
  <testcase name="test1404" classname="RegressionTest2" time="0"/>
  <testcase name="test1405" classname="RegressionTest2" time="0"/>
  <testcase name="test1406" classname="RegressionTest2" time="0"/>
  <testcase name="test1407" classname="RegressionTest2" time="0"/>
  <testcase name="test1408" classname="RegressionTest2" time="0"/>
  <testcase name="test1409" classname="RegressionTest2" time="0.001"/>
  <testcase name="test1410" classname="RegressionTest2" time="0"/>
  <testcase name="test1411" classname="RegressionTest2" time="0"/>
  <testcase name="test1412" classname="RegressionTest2" time="0"/>
  <testcase name="test1413" classname="RegressionTest2" time="0"/>
  <testcase name="test1414" classname="RegressionTest2" time="0"/>
  <testcase name="test1415" classname="RegressionTest2" time="0"/>
  <testcase name="test1416" classname="RegressionTest2" time="0"/>
  <testcase name="test1417" classname="RegressionTest2" time="0"/>
  <testcase name="test1418" classname="RegressionTest2" time="0"/>
  <testcase name="test1419" classname="RegressionTest2" time="0"/>
  <testcase name="test1420" classname="RegressionTest2" time="0"/>
  <testcase name="test1421" classname="RegressionTest2" time="0"/>
  <testcase name="test1422" classname="RegressionTest2" time="0"/>
  <testcase name="test1423" classname="RegressionTest2" time="0"/>
  <testcase name="test1424" classname="RegressionTest2" time="0"/>
  <testcase name="test1425" classname="RegressionTest2" time="0"/>
  <testcase name="test1426" classname="RegressionTest2" time="0"/>
  <testcase name="test1427" classname="RegressionTest2" time="0"/>
  <testcase name="test1428" classname="RegressionTest2" time="0"/>
  <testcase name="test1429" classname="RegressionTest2" time="0"/>
  <testcase name="test1430" classname="RegressionTest2" time="0"/>
  <testcase name="test1431" classname="RegressionTest2" time="0"/>
  <testcase name="test1432" classname="RegressionTest2" time="0"/>
  <testcase name="test1433" classname="RegressionTest2" time="0"/>
  <testcase name="test1434" classname="RegressionTest2" time="0"/>
  <testcase name="test1435" classname="RegressionTest2" time="0"/>
  <testcase name="test1436" classname="RegressionTest2" time="0"/>
  <testcase name="test1437" classname="RegressionTest2" time="0"/>
  <testcase name="test1438" classname="RegressionTest2" time="0"/>
  <testcase name="test1439" classname="RegressionTest2" time="0"/>
  <testcase name="test1440" classname="RegressionTest2" time="0"/>
  <testcase name="test1441" classname="RegressionTest2" time="0"/>
  <testcase name="test1442" classname="RegressionTest2" time="0"/>
  <testcase name="test1443" classname="RegressionTest2" time="0"/>
  <testcase name="test1444" classname="RegressionTest2" time="0"/>
  <testcase name="test1445" classname="RegressionTest2" time="0"/>
  <testcase name="test1446" classname="RegressionTest2" time="0"/>
  <testcase name="test1447" classname="RegressionTest2" time="0"/>
  <testcase name="test1448" classname="RegressionTest2" time="0"/>
  <testcase name="test1449" classname="RegressionTest2" time="0"/>
  <testcase name="test1450" classname="RegressionTest2" time="0"/>
  <testcase name="test1451" classname="RegressionTest2" time="0"/>
  <testcase name="test1452" classname="RegressionTest2" time="0"/>
  <testcase name="test1453" classname="RegressionTest2" time="0"/>
  <testcase name="test1454" classname="RegressionTest2" time="0"/>
  <testcase name="test1455" classname="RegressionTest2" time="0"/>
  <testcase name="test1456" classname="RegressionTest2" time="0"/>
  <testcase name="test1457" classname="RegressionTest2" time="0"/>
  <testcase name="test1458" classname="RegressionTest2" time="0"/>
  <testcase name="test1459" classname="RegressionTest2" time="0"/>
  <testcase name="test1460" classname="RegressionTest2" time="0"/>
  <testcase name="test1461" classname="RegressionTest2" time="0"/>
  <testcase name="test1462" classname="RegressionTest2" time="0"/>
  <testcase name="test1463" classname="RegressionTest2" time="0"/>
  <testcase name="test1464" classname="RegressionTest2" time="0"/>
  <testcase name="test1465" classname="RegressionTest2" time="0"/>
  <testcase name="test1466" classname="RegressionTest2" time="0"/>
  <testcase name="test1467" classname="RegressionTest2" time="0"/>
  <testcase name="test1468" classname="RegressionTest2" time="0"/>
  <testcase name="test1469" classname="RegressionTest2" time="0"/>
  <testcase name="test1470" classname="RegressionTest2" time="0"/>
  <testcase name="test1471" classname="RegressionTest2" time="0"/>
  <testcase name="test1472" classname="RegressionTest2" time="0"/>
  <testcase name="test1473" classname="RegressionTest2" time="0"/>
  <testcase name="test1474" classname="RegressionTest2" time="0"/>
  <testcase name="test1475" classname="RegressionTest2" time="0"/>
  <testcase name="test1476" classname="RegressionTest2" time="0"/>
  <testcase name="test1477" classname="RegressionTest2" time="0"/>
  <testcase name="test1478" classname="RegressionTest2" time="0"/>
  <testcase name="test1479" classname="RegressionTest2" time="0"/>
  <testcase name="test1480" classname="RegressionTest2" time="0"/>
  <testcase name="test1481" classname="RegressionTest2" time="0"/>
  <testcase name="test1482" classname="RegressionTest2" time="0"/>
  <testcase name="test1483" classname="RegressionTest2" time="0"/>
  <testcase name="test1484" classname="RegressionTest2" time="0"/>
  <testcase name="test1485" classname="RegressionTest2" time="0"/>
  <testcase name="test1486" classname="RegressionTest2" time="0"/>
  <testcase name="test1487" classname="RegressionTest2" time="0"/>
  <testcase name="test1488" classname="RegressionTest2" time="0"/>
  <testcase name="test1489" classname="RegressionTest2" time="0"/>
  <testcase name="test1490" classname="RegressionTest2" time="0"/>
  <testcase name="test1491" classname="RegressionTest2" time="0"/>
  <testcase name="test1492" classname="RegressionTest2" time="0"/>
  <testcase name="test1493" classname="RegressionTest2" time="0"/>
  <testcase name="test1494" classname="RegressionTest2" time="0"/>
  <testcase name="test1495" classname="RegressionTest2" time="0"/>
  <testcase name="test1496" classname="RegressionTest2" time="0"/>
  <testcase name="test1497" classname="RegressionTest2" time="0"/>
  <testcase name="test1498" classname="RegressionTest2" time="0"/>
  <testcase name="test1499" classname="RegressionTest2" time="0"/>
  <testcase name="test1500" classname="RegressionTest2" time="0"/>
  <testcase name="test1501" classname="RegressionTest3" time="0"/>
  <testcase name="test1502" classname="RegressionTest3" time="0"/>
  <testcase name="test1503" classname="RegressionTest3" time="0"/>
  <testcase name="test1504" classname="RegressionTest3" time="0"/>
  <testcase name="test1505" classname="RegressionTest3" time="0"/>
  <testcase name="test1506" classname="RegressionTest3" time="0"/>
  <testcase name="test1507" classname="RegressionTest3" time="0"/>
  <testcase name="test1508" classname="RegressionTest3" time="0"/>
  <testcase name="test1509" classname="RegressionTest3" time="0"/>
  <testcase name="test1510" classname="RegressionTest3" time="0"/>
  <testcase name="test1511" classname="RegressionTest3" time="0"/>
  <testcase name="test1512" classname="RegressionTest3" time="0"/>
  <testcase name="test1513" classname="RegressionTest3" time="0"/>
  <testcase name="test1514" classname="RegressionTest3" time="0"/>
  <testcase name="test1515" classname="RegressionTest3" time="0"/>
  <testcase name="test1516" classname="RegressionTest3" time="0"/>
  <testcase name="test1517" classname="RegressionTest3" time="0"/>
  <testcase name="test1518" classname="RegressionTest3" time="0"/>
  <testcase name="test1519" classname="RegressionTest3" time="0"/>
  <testcase name="test1520" classname="RegressionTest3" time="0"/>
  <testcase name="test1521" classname="RegressionTest3" time="0"/>
  <testcase name="test1522" classname="RegressionTest3" time="0"/>
  <testcase name="test1523" classname="RegressionTest3" time="0"/>
  <testcase name="test1524" classname="RegressionTest3" time="0"/>
  <testcase name="test1525" classname="RegressionTest3" time="0"/>
  <testcase name="test1526" classname="RegressionTest3" time="0"/>
  <testcase name="test1527" classname="RegressionTest3" time="0"/>
  <testcase name="test1528" classname="RegressionTest3" time="0"/>
  <testcase name="test1529" classname="RegressionTest3" time="0"/>
  <testcase name="test1530" classname="RegressionTest3" time="0"/>
  <testcase name="test1531" classname="RegressionTest3" time="0"/>
  <testcase name="test1532" classname="RegressionTest3" time="0"/>
  <testcase name="test1533" classname="RegressionTest3" time="0"/>
  <testcase name="test1534" classname="RegressionTest3" time="0"/>
  <testcase name="test1535" classname="RegressionTest3" time="0"/>
  <testcase name="test1536" classname="RegressionTest3" time="0"/>
  <testcase name="test1537" classname="RegressionTest3" time="0"/>
  <testcase name="test1538" classname="RegressionTest3" time="0"/>
  <testcase name="test1539" classname="RegressionTest3" time="0"/>
  <testcase name="test1540" classname="RegressionTest3" time="0"/>
  <testcase name="test1541" classname="RegressionTest3" time="0"/>
  <testcase name="test1542" classname="RegressionTest3" time="0"/>
  <testcase name="test1543" classname="RegressionTest3" time="0"/>
  <testcase name="test1544" classname="RegressionTest3" time="0"/>
  <testcase name="test1545" classname="RegressionTest3" time="0"/>
  <testcase name="test1546" classname="RegressionTest3" time="0"/>
  <testcase name="test1547" classname="RegressionTest3" time="0"/>
  <testcase name="test1548" classname="RegressionTest3" time="0"/>
  <testcase name="test1549" classname="RegressionTest3" time="0"/>
  <testcase name="test1550" classname="RegressionTest3" time="0"/>
  <testcase name="test1551" classname="RegressionTest3" time="0"/>
  <testcase name="test1552" classname="RegressionTest3" time="0"/>
  <testcase name="test1553" classname="RegressionTest3" time="0"/>
  <testcase name="test1554" classname="RegressionTest3" time="0"/>
  <testcase name="test1555" classname="RegressionTest3" time="0"/>
  <testcase name="test1556" classname="RegressionTest3" time="0"/>
  <testcase name="test1557" classname="RegressionTest3" time="0"/>
  <testcase name="test1558" classname="RegressionTest3" time="0"/>
  <testcase name="test1559" classname="RegressionTest3" time="0"/>
  <testcase name="test1560" classname="RegressionTest3" time="0"/>
  <testcase name="test1561" classname="RegressionTest3" time="0"/>
  <testcase name="test1562" classname="RegressionTest3" time="0"/>
  <testcase name="test1563" classname="RegressionTest3" time="0"/>
  <testcase name="test1564" classname="RegressionTest3" time="0"/>
  <testcase name="test1565" classname="RegressionTest3" time="0"/>
  <testcase name="test1566" classname="RegressionTest3" time="0"/>
  <testcase name="test1567" classname="RegressionTest3" time="0"/>
  <testcase name="test1568" classname="RegressionTest3" time="0"/>
  <testcase name="test1569" classname="RegressionTest3" time="0"/>
  <testcase name="test1570" classname="RegressionTest3" time="0"/>
  <testcase name="test1571" classname="RegressionTest3" time="0"/>
  <testcase name="test1572" classname="RegressionTest3" time="0"/>
  <testcase name="test1573" classname="RegressionTest3" time="0"/>
  <testcase name="test1574" classname="RegressionTest3" time="0"/>
  <testcase name="test1575" classname="RegressionTest3" time="0"/>
  <testcase name="test1576" classname="RegressionTest3" time="0"/>
  <testcase name="test1577" classname="RegressionTest3" time="0"/>
  <testcase name="test1578" classname="RegressionTest3" time="0"/>
  <testcase name="test1579" classname="RegressionTest3" time="0"/>
  <testcase name="test1580" classname="RegressionTest3" time="0"/>
  <testcase name="test1581" classname="RegressionTest3" time="0"/>
  <testcase name="test1582" classname="RegressionTest3" time="0"/>
  <testcase name="test1583" classname="RegressionTest3" time="0"/>
  <testcase name="test1584" classname="RegressionTest3" time="0"/>
  <testcase name="test1585" classname="RegressionTest3" time="0"/>
  <testcase name="test1586" classname="RegressionTest3" time="0"/>
  <testcase name="test1587" classname="RegressionTest3" time="0"/>
  <testcase name="test1588" classname="RegressionTest3" time="0.001"/>
  <testcase name="test1589" classname="RegressionTest3" time="0"/>
  <testcase name="test1590" classname="RegressionTest3" time="0"/>
  <testcase name="test1591" classname="RegressionTest3" time="0"/>
  <testcase name="test1592" classname="RegressionTest3" time="0"/>
  <testcase name="test1593" classname="RegressionTest3" time="0"/>
  <testcase name="test1594" classname="RegressionTest3" time="0"/>
  <testcase name="test1595" classname="RegressionTest3" time="0"/>
  <testcase name="test1596" classname="RegressionTest3" time="0"/>
  <testcase name="test1597" classname="RegressionTest3" time="0"/>
  <testcase name="test1598" classname="RegressionTest3" time="0"/>
  <testcase name="test1599" classname="RegressionTest3" time="0"/>
  <testcase name="test1600" classname="RegressionTest3" time="0"/>
  <testcase name="test1601" classname="RegressionTest3" time="0"/>
  <testcase name="test1602" classname="RegressionTest3" time="0"/>
  <testcase name="test1603" classname="RegressionTest3" time="0"/>
  <testcase name="test1604" classname="RegressionTest3" time="0"/>
  <testcase name="test1605" classname="RegressionTest3" time="0"/>
  <testcase name="test1606" classname="RegressionTest3" time="0"/>
  <testcase name="test1607" classname="RegressionTest3" time="0"/>
  <testcase name="test1608" classname="RegressionTest3" time="0"/>
  <testcase name="test1609" classname="RegressionTest3" time="0"/>
  <testcase name="test1610" classname="RegressionTest3" time="0"/>
  <testcase name="test1611" classname="RegressionTest3" time="0"/>
  <testcase name="test1612" classname="RegressionTest3" time="0"/>
  <testcase name="test1613" classname="RegressionTest3" time="0"/>
  <testcase name="test1614" classname="RegressionTest3" time="0"/>
  <testcase name="test1615" classname="RegressionTest3" time="0"/>
  <testcase name="test1616" classname="RegressionTest3" time="0"/>
  <testcase name="test1617" classname="RegressionTest3" time="0"/>
  <testcase name="test1618" classname="RegressionTest3" time="0"/>
  <testcase name="test1619" classname="RegressionTest3" time="0"/>
  <testcase name="test1620" classname="RegressionTest3" time="0"/>
  <testcase name="test1621" classname="RegressionTest3" time="0"/>
  <testcase name="test1622" classname="RegressionTest3" time="0"/>
  <testcase name="test1623" classname="RegressionTest3" time="0"/>
  <testcase name="test1624" classname="RegressionTest3" time="0"/>
  <testcase name="test1625" classname="RegressionTest3" time="0"/>
  <testcase name="test1626" classname="RegressionTest3" time="0"/>
  <testcase name="test1627" classname="RegressionTest3" time="0"/>
  <testcase name="test1628" classname="RegressionTest3" time="0"/>
  <testcase name="test1629" classname="RegressionTest3" time="0"/>
  <testcase name="test1630" classname="RegressionTest3" time="0"/>
  <testcase name="test1631" classname="RegressionTest3" time="0"/>
  <testcase name="test1632" classname="RegressionTest3" time="0"/>
  <testcase name="test1633" classname="RegressionTest3" time="0"/>
  <testcase name="test1634" classname="RegressionTest3" time="0"/>
  <testcase name="test1635" classname="RegressionTest3" time="0"/>
  <testcase name="test1636" classname="RegressionTest3" time="0"/>
  <testcase name="test1637" classname="RegressionTest3" time="0"/>
  <testcase name="test1638" classname="RegressionTest3" time="0"/>
  <testcase name="test1639" classname="RegressionTest3" time="0"/>
  <testcase name="test1640" classname="RegressionTest3" time="0"/>
  <testcase name="test1641" classname="RegressionTest3" time="0"/>
  <testcase name="test1642" classname="RegressionTest3" time="0"/>
  <testcase name="test1643" classname="RegressionTest3" time="0"/>
  <testcase name="test1644" classname="RegressionTest3" time="0"/>
  <testcase name="test1645" classname="RegressionTest3" time="0"/>
  <testcase name="test1646" classname="RegressionTest3" time="0"/>
  <testcase name="test1647" classname="RegressionTest3" time="0"/>
  <testcase name="test1648" classname="RegressionTest3" time="0"/>
  <testcase name="test1649" classname="RegressionTest3" time="0"/>
  <testcase name="test1650" classname="RegressionTest3" time="0"/>
  <testcase name="test1651" classname="RegressionTest3" time="0"/>
  <testcase name="test1652" classname="RegressionTest3" time="0"/>
  <testcase name="test1653" classname="RegressionTest3" time="0"/>
  <testcase name="test1654" classname="RegressionTest3" time="0"/>
  <testcase name="test1655" classname="RegressionTest3" time="0"/>
  <testcase name="test1656" classname="RegressionTest3" time="0"/>
  <testcase name="test1657" classname="RegressionTest3" time="0"/>
  <testcase name="test1658" classname="RegressionTest3" time="0"/>
  <testcase name="test1659" classname="RegressionTest3" time="0"/>
  <testcase name="test1660" classname="RegressionTest3" time="0"/>
  <testcase name="test1661" classname="RegressionTest3" time="0"/>
  <testcase name="test1662" classname="RegressionTest3" time="0"/>
  <testcase name="test1663" classname="RegressionTest3" time="0"/>
  <testcase name="test1664" classname="RegressionTest3" time="0"/>
  <testcase name="test1665" classname="RegressionTest3" time="0"/>
  <testcase name="test1666" classname="RegressionTest3" time="0"/>
  <testcase name="test1667" classname="RegressionTest3" time="0"/>
  <testcase name="test1668" classname="RegressionTest3" time="0"/>
  <testcase name="test1669" classname="RegressionTest3" time="0"/>
  <testcase name="test1670" classname="RegressionTest3" time="0"/>
  <testcase name="test1671" classname="RegressionTest3" time="0"/>
  <testcase name="test1672" classname="RegressionTest3" time="0"/>
  <testcase name="test1673" classname="RegressionTest3" time="0"/>
  <testcase name="test1674" classname="RegressionTest3" time="0"/>
  <testcase name="test1675" classname="RegressionTest3" time="0.001"/>
  <testcase name="test1676" classname="RegressionTest3" time="0"/>
  <testcase name="test1677" classname="RegressionTest3" time="0"/>
  <testcase name="test1678" classname="RegressionTest3" time="0"/>
  <testcase name="test1679" classname="RegressionTest3" time="0"/>
  <testcase name="test1680" classname="RegressionTest3" time="0"/>
  <testcase name="test1681" classname="RegressionTest3" time="0"/>
  <testcase name="test1682" classname="RegressionTest3" time="0"/>
  <testcase name="test1683" classname="RegressionTest3" time="0"/>
  <testcase name="test1684" classname="RegressionTest3" time="0"/>
  <testcase name="test1685" classname="RegressionTest3" time="0"/>
  <testcase name="test1686" classname="RegressionTest3" time="0"/>
  <testcase name="test1687" classname="RegressionTest3" time="0"/>
  <testcase name="test1688" classname="RegressionTest3" time="0"/>
  <testcase name="test1689" classname="RegressionTest3" time="0"/>
  <testcase name="test1690" classname="RegressionTest3" time="0"/>
  <testcase name="test1691" classname="RegressionTest3" time="0"/>
  <testcase name="test1692" classname="RegressionTest3" time="0"/>
  <testcase name="test1693" classname="RegressionTest3" time="0"/>
  <testcase name="test1694" classname="RegressionTest3" time="0"/>
  <testcase name="test1695" classname="RegressionTest3" time="0"/>
  <testcase name="test1696" classname="RegressionTest3" time="0"/>
  <testcase name="test1697" classname="RegressionTest3" time="0"/>
  <testcase name="test1698" classname="RegressionTest3" time="0"/>
  <testcase name="test1699" classname="RegressionTest3" time="0"/>
  <testcase name="test1700" classname="RegressionTest3" time="0"/>
  <testcase name="test1701" classname="RegressionTest3" time="0"/>
  <testcase name="test1702" classname="RegressionTest3" time="0"/>
  <testcase name="test1703" classname="RegressionTest3" time="0"/>
  <testcase name="test1704" classname="RegressionTest3" time="0"/>
  <testcase name="test1705" classname="RegressionTest3" time="0"/>
  <testcase name="test1706" classname="RegressionTest3" time="0"/>
  <testcase name="test1707" classname="RegressionTest3" time="0"/>
  <testcase name="test1708" classname="RegressionTest3" time="0"/>
  <testcase name="test1709" classname="RegressionTest3" time="0"/>
  <testcase name="test1710" classname="RegressionTest3" time="0"/>
  <testcase name="test1711" classname="RegressionTest3" time="0"/>
  <testcase name="test1712" classname="RegressionTest3" time="0"/>
  <testcase name="test1713" classname="RegressionTest3" time="0"/>
  <testcase name="test1714" classname="RegressionTest3" time="0"/>
  <testcase name="test1715" classname="RegressionTest3" time="0"/>
  <testcase name="test1716" classname="RegressionTest3" time="0"/>
  <testcase name="test1717" classname="RegressionTest3" time="0"/>
  <testcase name="test1718" classname="RegressionTest3" time="0"/>
  <testcase name="test1719" classname="RegressionTest3" time="0"/>
  <testcase name="test1720" classname="RegressionTest3" time="0"/>
  <testcase name="test1721" classname="RegressionTest3" time="0"/>
  <testcase name="test1722" classname="RegressionTest3" time="0"/>
  <testcase name="test1723" classname="RegressionTest3" time="0"/>
  <testcase name="test1724" classname="RegressionTest3" time="0"/>
  <testcase name="test1725" classname="RegressionTest3" time="0.001"/>
  <testcase name="test1726" classname="RegressionTest3" time="0"/>
  <testcase name="test1727" classname="RegressionTest3" time="0"/>
  <testcase name="test1728" classname="RegressionTest3" time="0"/>
  <testcase name="test1729" classname="RegressionTest3" time="0"/>
  <testcase name="test1730" classname="RegressionTest3" time="0"/>
  <testcase name="test1731" classname="RegressionTest3" time="0"/>
  <testcase name="test1732" classname="RegressionTest3" time="0"/>
  <testcase name="test1733" classname="RegressionTest3" time="0"/>
  <testcase name="test1734" classname="RegressionTest3" time="0"/>
  <testcase name="test1735" classname="RegressionTest3" time="0"/>
  <testcase name="test1736" classname="RegressionTest3" time="0"/>
  <testcase name="test1737" classname="RegressionTest3" time="0"/>
  <testcase name="test1738" classname="RegressionTest3" time="0"/>
  <testcase name="test1739" classname="RegressionTest3" time="0"/>
  <testcase name="test1740" classname="RegressionTest3" time="0"/>
  <testcase name="test1741" classname="RegressionTest3" time="0"/>
  <testcase name="test1742" classname="RegressionTest3" time="0"/>
  <testcase name="test1743" classname="RegressionTest3" time="0"/>
  <testcase name="test1744" classname="RegressionTest3" time="0"/>
  <testcase name="test1745" classname="RegressionTest3" time="0"/>
  <testcase name="test1746" classname="RegressionTest3" time="0"/>
  <testcase name="test1747" classname="RegressionTest3" time="0"/>
  <testcase name="test1748" classname="RegressionTest3" time="0"/>
  <testcase name="test1749" classname="RegressionTest3" time="0"/>
  <testcase name="test1750" classname="RegressionTest3" time="0"/>
  <testcase name="test1751" classname="RegressionTest3" time="0"/>
  <testcase name="test1752" classname="RegressionTest3" time="0"/>
  <testcase name="test1753" classname="RegressionTest3" time="0"/>
  <testcase name="test1754" classname="RegressionTest3" time="0"/>
  <testcase name="test1755" classname="RegressionTest3" time="0"/>
  <testcase name="test1756" classname="RegressionTest3" time="0"/>
  <testcase name="test1757" classname="RegressionTest3" time="0"/>
  <testcase name="test1758" classname="RegressionTest3" time="0"/>
  <testcase name="test1759" classname="RegressionTest3" time="0"/>
  <testcase name="test1760" classname="RegressionTest3" time="0"/>
  <testcase name="test1761" classname="RegressionTest3" time="0"/>
  <testcase name="test1762" classname="RegressionTest3" time="0"/>
  <testcase name="test1763" classname="RegressionTest3" time="0"/>
  <testcase name="test1764" classname="RegressionTest3" time="0"/>
  <testcase name="test1765" classname="RegressionTest3" time="0"/>
  <testcase name="test1766" classname="RegressionTest3" time="0"/>
  <testcase name="test1767" classname="RegressionTest3" time="0"/>
  <testcase name="test1768" classname="RegressionTest3" time="0"/>
  <testcase name="test1769" classname="RegressionTest3" time="0"/>
  <testcase name="test1770" classname="RegressionTest3" time="0"/>
  <testcase name="test1771" classname="RegressionTest3" time="0"/>
  <testcase name="test1772" classname="RegressionTest3" time="0"/>
  <testcase name="test1773" classname="RegressionTest3" time="0"/>
  <testcase name="test1774" classname="RegressionTest3" time="0"/>
  <testcase name="test1775" classname="RegressionTest3" time="0"/>
  <testcase name="test1776" classname="RegressionTest3" time="0"/>
  <testcase name="test1777" classname="RegressionTest3" time="0"/>
  <testcase name="test1778" classname="RegressionTest3" time="0"/>
  <testcase name="test1779" classname="RegressionTest3" time="0"/>
  <testcase name="test1780" classname="RegressionTest3" time="0"/>
  <testcase name="test1781" classname="RegressionTest3" time="0"/>
  <testcase name="test1782" classname="RegressionTest3" time="0"/>
  <testcase name="test1783" classname="RegressionTest3" time="0"/>
  <testcase name="test1784" classname="RegressionTest3" time="0"/>
  <testcase name="test1785" classname="RegressionTest3" time="0"/>
  <testcase name="test1786" classname="RegressionTest3" time="0"/>
  <testcase name="test1787" classname="RegressionTest3" time="0"/>
  <testcase name="test1788" classname="RegressionTest3" time="0"/>
  <testcase name="test1789" classname="RegressionTest3" time="0"/>
  <testcase name="test1790" classname="RegressionTest3" time="0"/>
  <testcase name="test1791" classname="RegressionTest3" time="0"/>
  <testcase name="test1792" classname="RegressionTest3" time="0"/>
  <testcase name="test1793" classname="RegressionTest3" time="0"/>
  <testcase name="test1794" classname="RegressionTest3" time="0"/>
  <testcase name="test1795" classname="RegressionTest3" time="0"/>
  <testcase name="test1796" classname="RegressionTest3" time="0"/>
  <testcase name="test1797" classname="RegressionTest3" time="0"/>
  <testcase name="test1798" classname="RegressionTest3" time="0"/>
  <testcase name="test1799" classname="RegressionTest3" time="0"/>
  <testcase name="test1800" classname="RegressionTest3" time="0"/>
  <testcase name="test1801" classname="RegressionTest3" time="0"/>
  <testcase name="test1802" classname="RegressionTest3" time="0"/>
  <testcase name="test1803" classname="RegressionTest3" time="0"/>
  <testcase name="test1804" classname="RegressionTest3" time="0"/>
  <testcase name="test1805" classname="RegressionTest3" time="0"/>
  <testcase name="test1806" classname="RegressionTest3" time="0"/>
  <testcase name="test1807" classname="RegressionTest3" time="0"/>
  <testcase name="test1808" classname="RegressionTest3" time="0"/>
  <testcase name="test1809" classname="RegressionTest3" time="0"/>
  <testcase name="test1810" classname="RegressionTest3" time="0"/>
  <testcase name="test1811" classname="RegressionTest3" time="0"/>
  <testcase name="test1812" classname="RegressionTest3" time="0"/>
  <testcase name="test1813" classname="RegressionTest3" time="0"/>
  <testcase name="test1814" classname="RegressionTest3" time="0"/>
  <testcase name="test1815" classname="RegressionTest3" time="0"/>
  <testcase name="test1816" classname="RegressionTest3" time="0"/>
  <testcase name="test1817" classname="RegressionTest3" time="0"/>
  <testcase name="test1818" classname="RegressionTest3" time="0"/>
  <testcase name="test1819" classname="RegressionTest3" time="0"/>
  <testcase name="test1820" classname="RegressionTest3" time="0"/>
  <testcase name="test1821" classname="RegressionTest3" time="0"/>
  <testcase name="test1822" classname="RegressionTest3" time="0"/>
  <testcase name="test1823" classname="RegressionTest3" time="0"/>
  <testcase name="test1824" classname="RegressionTest3" time="0"/>
  <testcase name="test1825" classname="RegressionTest3" time="0"/>
  <testcase name="test1826" classname="RegressionTest3" time="0"/>
  <testcase name="test1827" classname="RegressionTest3" time="0"/>
  <testcase name="test1828" classname="RegressionTest3" time="0"/>
  <testcase name="test1829" classname="RegressionTest3" time="0"/>
  <testcase name="test1830" classname="RegressionTest3" time="0"/>
  <testcase name="test1831" classname="RegressionTest3" time="0"/>
  <testcase name="test1832" classname="RegressionTest3" time="0"/>
  <testcase name="test1833" classname="RegressionTest3" time="0"/>
  <testcase name="test1834" classname="RegressionTest3" time="0"/>
  <testcase name="test1835" classname="RegressionTest3" time="0"/>
  <testcase name="test1836" classname="RegressionTest3" time="0"/>
  <testcase name="test1837" classname="RegressionTest3" time="0"/>
  <testcase name="test1838" classname="RegressionTest3" time="0"/>
  <testcase name="test1839" classname="RegressionTest3" time="0"/>
  <testcase name="test1840" classname="RegressionTest3" time="0"/>
  <testcase name="test1841" classname="RegressionTest3" time="0"/>
  <testcase name="test1842" classname="RegressionTest3" time="0"/>
  <testcase name="test1843" classname="RegressionTest3" time="0"/>
  <testcase name="test1844" classname="RegressionTest3" time="0"/>
  <testcase name="test1845" classname="RegressionTest3" time="0"/>
  <testcase name="test1846" classname="RegressionTest3" time="0"/>
  <testcase name="test1847" classname="RegressionTest3" time="0"/>
  <testcase name="test1848" classname="RegressionTest3" time="0"/>
  <testcase name="test1849" classname="RegressionTest3" time="0"/>
  <testcase name="test1850" classname="RegressionTest3" time="0"/>
  <testcase name="test1851" classname="RegressionTest3" time="0"/>
  <testcase name="test1852" classname="RegressionTest3" time="0"/>
  <testcase name="test1853" classname="RegressionTest3" time="0"/>
  <testcase name="test1854" classname="RegressionTest3" time="0"/>
  <testcase name="test1855" classname="RegressionTest3" time="0"/>
  <testcase name="test1856" classname="RegressionTest3" time="0"/>
  <testcase name="test1857" classname="RegressionTest3" time="0"/>
  <testcase name="test1858" classname="RegressionTest3" time="0"/>
  <testcase name="test1859" classname="RegressionTest3" time="0"/>
  <testcase name="test1860" classname="RegressionTest3" time="0"/>
  <testcase name="test1861" classname="RegressionTest3" time="0"/>
  <testcase name="test1862" classname="RegressionTest3" time="0"/>
  <testcase name="test1863" classname="RegressionTest3" time="0"/>
  <testcase name="test1864" classname="RegressionTest3" time="0"/>
  <testcase name="test1865" classname="RegressionTest3" time="0"/>
  <testcase name="test1866" classname="RegressionTest3" time="0"/>
  <testcase name="test1867" classname="RegressionTest3" time="0"/>
  <testcase name="test1868" classname="RegressionTest3" time="0"/>
  <testcase name="test1869" classname="RegressionTest3" time="0"/>
  <testcase name="test1870" classname="RegressionTest3" time="0"/>
  <testcase name="test1871" classname="RegressionTest3" time="0"/>
  <testcase name="test1872" classname="RegressionTest3" time="0"/>
  <testcase name="test1873" classname="RegressionTest3" time="0"/>
  <testcase name="test1874" classname="RegressionTest3" time="0"/>
  <testcase name="test1875" classname="RegressionTest3" time="0"/>
  <testcase name="test1876" classname="RegressionTest3" time="0"/>
  <testcase name="test1877" classname="RegressionTest3" time="0"/>
  <testcase name="test1878" classname="RegressionTest3" time="0"/>
  <testcase name="test1879" classname="RegressionTest3" time="0"/>
  <testcase name="test1880" classname="RegressionTest3" time="0"/>
  <testcase name="test1881" classname="RegressionTest3" time="0"/>
  <testcase name="test1882" classname="RegressionTest3" time="0"/>
  <testcase name="test1883" classname="RegressionTest3" time="0"/>
  <testcase name="test1884" classname="RegressionTest3" time="0"/>
  <testcase name="test1885" classname="RegressionTest3" time="0"/>
  <testcase name="test1886" classname="RegressionTest3" time="0"/>
  <testcase name="test1887" classname="RegressionTest3" time="0"/>
  <testcase name="test1888" classname="RegressionTest3" time="0"/>
  <testcase name="test1889" classname="RegressionTest3" time="0"/>
  <testcase name="test1890" classname="RegressionTest3" time="0"/>
  <testcase name="test1891" classname="RegressionTest3" time="0"/>
  <testcase name="test1892" classname="RegressionTest3" time="0"/>
  <testcase name="test1893" classname="RegressionTest3" time="0"/>
  <testcase name="test1894" classname="RegressionTest3" time="0"/>
  <testcase name="test1895" classname="RegressionTest3" time="0"/>
  <testcase name="test1896" classname="RegressionTest3" time="0"/>
  <testcase name="test1897" classname="RegressionTest3" time="0"/>
  <testcase name="test1898" classname="RegressionTest3" time="0"/>
  <testcase name="test1899" classname="RegressionTest3" time="0"/>
  <testcase name="test1900" classname="RegressionTest3" time="0"/>
  <testcase name="test1901" classname="RegressionTest3" time="0"/>
  <testcase name="test1902" classname="RegressionTest3" time="0"/>
  <testcase name="test1903" classname="RegressionTest3" time="0"/>
  <testcase name="test1904" classname="RegressionTest3" time="0"/>
  <testcase name="test1905" classname="RegressionTest3" time="0"/>
  <testcase name="test1906" classname="RegressionTest3" time="0"/>
  <testcase name="test1907" classname="RegressionTest3" time="0"/>
  <testcase name="test1908" classname="RegressionTest3" time="0"/>
  <testcase name="test1909" classname="RegressionTest3" time="0"/>
  <testcase name="test1910" classname="RegressionTest3" time="0"/>
  <testcase name="test1911" classname="RegressionTest3" time="0"/>
  <testcase name="test1912" classname="RegressionTest3" time="0"/>
  <testcase name="test1913" classname="RegressionTest3" time="0"/>
  <testcase name="test1914" classname="RegressionTest3" time="0"/>
  <testcase name="test1915" classname="RegressionTest3" time="0"/>
  <testcase name="test1916" classname="RegressionTest3" time="0"/>
  <testcase name="test1917" classname="RegressionTest3" time="0"/>
  <testcase name="test1918" classname="RegressionTest3" time="0"/>
  <testcase name="test1919" classname="RegressionTest3" time="0"/>
  <testcase name="test1920" classname="RegressionTest3" time="0"/>
  <testcase name="test1921" classname="RegressionTest3" time="0"/>
  <testcase name="test1922" classname="RegressionTest3" time="0"/>
  <testcase name="test1923" classname="RegressionTest3" time="0"/>
  <testcase name="test1924" classname="RegressionTest3" time="0"/>
  <testcase name="test1925" classname="RegressionTest3" time="0"/>
  <testcase name="test1926" classname="RegressionTest3" time="0"/>
  <testcase name="test1927" classname="RegressionTest3" time="0"/>
  <testcase name="test1928" classname="RegressionTest3" time="0"/>
  <testcase name="test1929" classname="RegressionTest3" time="0"/>
  <testcase name="test1930" classname="RegressionTest3" time="0"/>
  <testcase name="test1931" classname="RegressionTest3" time="0"/>
  <testcase name="test1932" classname="RegressionTest3" time="0"/>
  <testcase name="test1933" classname="RegressionTest3" time="0"/>
  <testcase name="test1934" classname="RegressionTest3" time="0"/>
  <testcase name="test1935" classname="RegressionTest3" time="0"/>
  <testcase name="test1936" classname="RegressionTest3" time="0"/>
  <testcase name="test1937" classname="RegressionTest3" time="0"/>
  <testcase name="test1938" classname="RegressionTest3" time="0"/>
  <testcase name="test1939" classname="RegressionTest3" time="0"/>
  <testcase name="test1940" classname="RegressionTest3" time="0"/>
  <testcase name="test1941" classname="RegressionTest3" time="0"/>
  <testcase name="test1942" classname="RegressionTest3" time="0"/>
  <testcase name="test1943" classname="RegressionTest3" time="0"/>
  <testcase name="test1944" classname="RegressionTest3" time="0"/>
  <testcase name="test1945" classname="RegressionTest3" time="0"/>
  <testcase name="test1946" classname="RegressionTest3" time="0"/>
  <testcase name="test1947" classname="RegressionTest3" time="0"/>
  <testcase name="test1948" classname="RegressionTest3" time="0"/>
  <testcase name="test1949" classname="RegressionTest3" time="0"/>
  <testcase name="test1950" classname="RegressionTest3" time="0"/>
  <testcase name="test1951" classname="RegressionTest3" time="0"/>
  <testcase name="test1952" classname="RegressionTest3" time="0"/>
  <testcase name="test1953" classname="RegressionTest3" time="0"/>
  <testcase name="test1954" classname="RegressionTest3" time="0"/>
  <testcase name="test1955" classname="RegressionTest3" time="0"/>
  <testcase name="test1956" classname="RegressionTest3" time="0"/>
  <testcase name="test1957" classname="RegressionTest3" time="0"/>
  <testcase name="test1958" classname="RegressionTest3" time="0"/>
  <testcase name="test1959" classname="RegressionTest3" time="0"/>
  <testcase name="test1960" classname="RegressionTest3" time="0"/>
  <testcase name="test1961" classname="RegressionTest3" time="0"/>
  <testcase name="test1962" classname="RegressionTest3" time="0"/>
  <testcase name="test1963" classname="RegressionTest3" time="0"/>
  <testcase name="test1964" classname="RegressionTest3" time="0"/>
  <testcase name="test1965" classname="RegressionTest3" time="0"/>
  <testcase name="test1966" classname="RegressionTest3" time="0"/>
  <testcase name="test1967" classname="RegressionTest3" time="0"/>
  <testcase name="test1968" classname="RegressionTest3" time="0"/>
  <testcase name="test1969" classname="RegressionTest3" time="0"/>
  <testcase name="test1970" classname="RegressionTest3" time="0"/>
  <testcase name="test1971" classname="RegressionTest3" time="0"/>
  <testcase name="test1972" classname="RegressionTest3" time="0"/>
  <testcase name="test1973" classname="RegressionTest3" time="0.001"/>
  <testcase name="test1974" classname="RegressionTest3" time="0"/>
  <testcase name="test1975" classname="RegressionTest3" time="0"/>
  <testcase name="test1976" classname="RegressionTest3" time="0"/>
  <testcase name="test1977" classname="RegressionTest3" time="0"/>
  <testcase name="test1978" classname="RegressionTest3" time="0"/>
  <testcase name="test1979" classname="RegressionTest3" time="0"/>
  <testcase name="test1980" classname="RegressionTest3" time="0"/>
  <testcase name="test1981" classname="RegressionTest3" time="0"/>
  <testcase name="test1982" classname="RegressionTest3" time="0"/>
  <testcase name="test1983" classname="RegressionTest3" time="0"/>
  <testcase name="test1984" classname="RegressionTest3" time="0"/>
  <testcase name="test1985" classname="RegressionTest3" time="0"/>
  <testcase name="test1986" classname="RegressionTest3" time="0"/>
  <testcase name="test1987" classname="RegressionTest3" time="0"/>
  <testcase name="test1988" classname="RegressionTest3" time="0"/>
  <testcase name="test1989" classname="RegressionTest3" time="0"/>
  <testcase name="test1990" classname="RegressionTest3" time="0"/>
  <testcase name="test1991" classname="RegressionTest3" time="0"/>
  <testcase name="test1992" classname="RegressionTest3" time="0"/>
  <testcase name="test1993" classname="RegressionTest3" time="0"/>
  <testcase name="test1994" classname="RegressionTest3" time="0"/>
  <testcase name="test1995" classname="RegressionTest3" time="0"/>
  <testcase name="test1996" classname="RegressionTest3" time="0"/>
  <testcase name="test1997" classname="RegressionTest3" time="0"/>
  <testcase name="test1998" classname="RegressionTest3" time="0"/>
  <testcase name="test1999" classname="RegressionTest3" time="0"/>
  <testcase name="test2000" classname="RegressionTest3" time="0"/>
  <testcase name="test2001" classname="RegressionTest4" time="0"/>
  <testcase name="test2002" classname="RegressionTest4" time="0"/>
  <testcase name="test2003" classname="RegressionTest4" time="0"/>
  <testcase name="test2004" classname="RegressionTest4" time="0"/>
  <testcase name="test2005" classname="RegressionTest4" time="0"/>
  <testcase name="test2006" classname="RegressionTest4" time="0"/>
  <testcase name="test2007" classname="RegressionTest4" time="0"/>
  <testcase name="test2008" classname="RegressionTest4" time="0"/>
  <testcase name="test2009" classname="RegressionTest4" time="0.001"/>
  <testcase name="test2010" classname="RegressionTest4" time="0"/>
  <testcase name="test2011" classname="RegressionTest4" time="0"/>
  <testcase name="test2012" classname="RegressionTest4" time="0"/>
  <testcase name="test2013" classname="RegressionTest4" time="0"/>
  <testcase name="test2014" classname="RegressionTest4" time="0"/>
  <testcase name="test2015" classname="RegressionTest4" time="0"/>
  <testcase name="test2016" classname="RegressionTest4" time="0"/>
  <testcase name="test2017" classname="RegressionTest4" time="0"/>
  <testcase name="test2018" classname="RegressionTest4" time="0"/>
  <testcase name="test2019" classname="RegressionTest4" time="0"/>
  <testcase name="test2020" classname="RegressionTest4" time="0"/>
  <testcase name="test2021" classname="RegressionTest4" time="0"/>
  <testcase name="test2022" classname="RegressionTest4" time="0"/>
  <testcase name="test2023" classname="RegressionTest4" time="0"/>
  <testcase name="test2024" classname="RegressionTest4" time="0"/>
  <testcase name="test2025" classname="RegressionTest4" time="0"/>
  <testcase name="test2026" classname="RegressionTest4" time="0"/>
  <testcase name="test2027" classname="RegressionTest4" time="0"/>
  <testcase name="test2028" classname="RegressionTest4" time="0"/>
  <testcase name="test2029" classname="RegressionTest4" time="0"/>
  <testcase name="test2030" classname="RegressionTest4" time="0"/>
  <testcase name="test2031" classname="RegressionTest4" time="0"/>
  <testcase name="test2032" classname="RegressionTest4" time="0"/>
  <testcase name="test2033" classname="RegressionTest4" time="0"/>
  <testcase name="test2034" classname="RegressionTest4" time="0"/>
  <testcase name="test2035" classname="RegressionTest4" time="0"/>
  <testcase name="test2036" classname="RegressionTest4" time="0"/>
  <testcase name="test2037" classname="RegressionTest4" time="0"/>
  <testcase name="test2038" classname="RegressionTest4" time="0"/>
  <testcase name="test2039" classname="RegressionTest4" time="0"/>
  <testcase name="test2040" classname="RegressionTest4" time="0"/>
  <testcase name="test2041" classname="RegressionTest4" time="0"/>
  <testcase name="test2042" classname="RegressionTest4" time="0"/>
  <testcase name="test2043" classname="RegressionTest4" time="0"/>
  <testcase name="test2044" classname="RegressionTest4" time="0"/>
  <testcase name="test2045" classname="RegressionTest4" time="0"/>
  <testcase name="test2046" classname="RegressionTest4" time="0"/>
  <testcase name="test2047" classname="RegressionTest4" time="0"/>
  <testcase name="test2048" classname="RegressionTest4" time="0"/>
  <testcase name="test2049" classname="RegressionTest4" time="0"/>
  <testcase name="test2050" classname="RegressionTest4" time="0"/>
  <testcase name="test2051" classname="RegressionTest4" time="0"/>
  <testcase name="test2052" classname="RegressionTest4" time="0"/>
  <testcase name="test2053" classname="RegressionTest4" time="0"/>
  <testcase name="test2054" classname="RegressionTest4" time="0"/>
  <testcase name="test2055" classname="RegressionTest4" time="0"/>
  <testcase name="test2056" classname="RegressionTest4" time="0"/>
  <testcase name="test2057" classname="RegressionTest4" time="0"/>
  <testcase name="test2058" classname="RegressionTest4" time="0.001"/>
  <testcase name="test2059" classname="RegressionTest4" time="0"/>
  <testcase name="test2060" classname="RegressionTest4" time="0"/>
  <testcase name="test2061" classname="RegressionTest4" time="0"/>
  <testcase name="test2062" classname="RegressionTest4" time="0"/>
  <testcase name="test2063" classname="RegressionTest4" time="0"/>
  <testcase name="test2064" classname="RegressionTest4" time="0"/>
  <testcase name="test2065" classname="RegressionTest4" time="0"/>
  <testcase name="test2066" classname="RegressionTest4" time="0"/>
  <testcase name="test2067" classname="RegressionTest4" time="0"/>
  <testcase name="test2068" classname="RegressionTest4" time="0"/>
  <testcase name="test2069" classname="RegressionTest4" time="0"/>
  <testcase name="test2070" classname="RegressionTest4" time="0"/>
  <testcase name="test2071" classname="RegressionTest4" time="0"/>
  <testcase name="test2072" classname="RegressionTest4" time="0"/>
  <testcase name="test2073" classname="RegressionTest4" time="0"/>
  <testcase name="test2074" classname="RegressionTest4" time="0"/>
  <testcase name="test2075" classname="RegressionTest4" time="0"/>
  <testcase name="test2076" classname="RegressionTest4" time="0"/>
  <testcase name="test2077" classname="RegressionTest4" time="0"/>
  <testcase name="test2078" classname="RegressionTest4" time="0"/>
  <testcase name="test2079" classname="RegressionTest4" time="0"/>
  <testcase name="test2080" classname="RegressionTest4" time="0"/>
  <testcase name="test2081" classname="RegressionTest4" time="0"/>
  <testcase name="test2082" classname="RegressionTest4" time="0"/>
  <testcase name="test2083" classname="RegressionTest4" time="0"/>
  <testcase name="test2084" classname="RegressionTest4" time="0"/>
  <testcase name="test2085" classname="RegressionTest4" time="0"/>
  <testcase name="test2086" classname="RegressionTest4" time="0"/>
  <testcase name="test2087" classname="RegressionTest4" time="0"/>
  <testcase name="test2088" classname="RegressionTest4" time="0"/>
  <testcase name="test2089" classname="RegressionTest4" time="0"/>
  <testcase name="test2090" classname="RegressionTest4" time="0"/>
  <testcase name="test2091" classname="RegressionTest4" time="0"/>
  <testcase name="test2092" classname="RegressionTest4" time="0"/>
  <testcase name="test2093" classname="RegressionTest4" time="0"/>
  <testcase name="test2094" classname="RegressionTest4" time="0"/>
  <testcase name="test2095" classname="RegressionTest4" time="0"/>
  <testcase name="test2096" classname="RegressionTest4" time="0"/>
  <testcase name="test2097" classname="RegressionTest4" time="0"/>
  <testcase name="test2098" classname="RegressionTest4" time="0"/>
  <testcase name="test2099" classname="RegressionTest4" time="0"/>
  <testcase name="test2100" classname="RegressionTest4" time="0"/>
  <testcase name="test2101" classname="RegressionTest4" time="0"/>
  <testcase name="test2102" classname="RegressionTest4" time="0"/>
  <testcase name="test2103" classname="RegressionTest4" time="0"/>
  <testcase name="test2104" classname="RegressionTest4" time="0.001"/>
  <testcase name="test2105" classname="RegressionTest4" time="0"/>
  <testcase name="test2106" classname="RegressionTest4" time="0"/>
  <testcase name="test2107" classname="RegressionTest4" time="0"/>
  <testcase name="test2108" classname="RegressionTest4" time="0"/>
  <testcase name="test2109" classname="RegressionTest4" time="0"/>
  <testcase name="test2110" classname="RegressionTest4" time="0"/>
  <testcase name="test2111" classname="RegressionTest4" time="0"/>
  <testcase name="test2112" classname="RegressionTest4" time="0"/>
  <testcase name="test2113" classname="RegressionTest4" time="0"/>
  <testcase name="test2114" classname="RegressionTest4" time="0"/>
  <testcase name="test2115" classname="RegressionTest4" time="0"/>
  <testcase name="test2116" classname="RegressionTest4" time="0"/>
  <testcase name="test2117" classname="RegressionTest4" time="0"/>
  <testcase name="test2118" classname="RegressionTest4" time="0"/>
  <testcase name="test2119" classname="RegressionTest4" time="0"/>
  <testcase name="test2120" classname="RegressionTest4" time="0"/>
  <testcase name="test2121" classname="RegressionTest4" time="0"/>
  <testcase name="test2122" classname="RegressionTest4" time="0"/>
  <testcase name="test2123" classname="RegressionTest4" time="0"/>
  <testcase name="test2124" classname="RegressionTest4" time="0"/>
  <testcase name="test2125" classname="RegressionTest4" time="0"/>
  <testcase name="test2126" classname="RegressionTest4" time="0"/>
  <testcase name="test2127" classname="RegressionTest4" time="0"/>
  <testcase name="test2128" classname="RegressionTest4" time="0"/>
  <testcase name="test2129" classname="RegressionTest4" time="0"/>
  <testcase name="test2130" classname="RegressionTest4" time="0"/>
  <testcase name="test2131" classname="RegressionTest4" time="0"/>
  <testcase name="test2132" classname="RegressionTest4" time="0"/>
  <testcase name="test2133" classname="RegressionTest4" time="0"/>
  <testcase name="test2134" classname="RegressionTest4" time="0"/>
  <testcase name="test2135" classname="RegressionTest4" time="0"/>
  <testcase name="test2136" classname="RegressionTest4" time="0"/>
  <testcase name="test2137" classname="RegressionTest4" time="0"/>
  <testcase name="test2138" classname="RegressionTest4" time="0"/>
  <testcase name="test2139" classname="RegressionTest4" time="0"/>
  <testcase name="test2140" classname="RegressionTest4" time="0"/>
  <testcase name="test2141" classname="RegressionTest4" time="0"/>
  <testcase name="test2142" classname="RegressionTest4" time="0"/>
  <testcase name="test2143" classname="RegressionTest4" time="0"/>
  <testcase name="test2144" classname="RegressionTest4" time="0"/>
  <testcase name="test2145" classname="RegressionTest4" time="0"/>
  <testcase name="test2146" classname="RegressionTest4" time="0"/>
  <testcase name="test2147" classname="RegressionTest4" time="0"/>
  <testcase name="test2148" classname="RegressionTest4" time="0"/>
  <testcase name="test2149" classname="RegressionTest4" time="0"/>
  <testcase name="test2150" classname="RegressionTest4" time="0"/>
  <testcase name="test2151" classname="RegressionTest4" time="0"/>
  <testcase name="test2152" classname="RegressionTest4" time="0"/>
  <testcase name="test2153" classname="RegressionTest4" time="0"/>
  <testcase name="test2154" classname="RegressionTest4" time="0"/>
  <testcase name="test2155" classname="RegressionTest4" time="0"/>
  <testcase name="test2156" classname="RegressionTest4" time="0"/>
  <testcase name="test2157" classname="RegressionTest4" time="0"/>
  <testcase name="test2158" classname="RegressionTest4" time="0"/>
  <testcase name="test2159" classname="RegressionTest4" time="0"/>
  <testcase name="test2160" classname="RegressionTest4" time="0"/>
  <testcase name="test2161" classname="RegressionTest4" time="0"/>
  <testcase name="test2162" classname="RegressionTest4" time="0"/>
  <testcase name="test2163" classname="RegressionTest4" time="0"/>
  <testcase name="test2164" classname="RegressionTest4" time="0"/>
  <testcase name="test2165" classname="RegressionTest4" time="0"/>
  <testcase name="test2166" classname="RegressionTest4" time="0"/>
  <testcase name="test2167" classname="RegressionTest4" time="0"/>
  <testcase name="test2168" classname="RegressionTest4" time="0"/>
  <testcase name="test2169" classname="RegressionTest4" time="0"/>
  <testcase name="test2170" classname="RegressionTest4" time="0"/>
  <testcase name="test2171" classname="RegressionTest4" time="0"/>
  <testcase name="test2172" classname="RegressionTest4" time="0"/>
  <testcase name="test2173" classname="RegressionTest4" time="0"/>
  <testcase name="test2174" classname="RegressionTest4" time="0"/>
  <testcase name="test2175" classname="RegressionTest4" time="0"/>
  <testcase name="test2176" classname="RegressionTest4" time="0"/>
  <testcase name="test2177" classname="RegressionTest4" time="0"/>
  <testcase name="test2178" classname="RegressionTest4" time="0"/>
  <testcase name="test2179" classname="RegressionTest4" time="0"/>
  <testcase name="test2180" classname="RegressionTest4" time="0"/>
  <testcase name="test2181" classname="RegressionTest4" time="0"/>
  <testcase name="test2182" classname="RegressionTest4" time="0"/>
  <testcase name="test2183" classname="RegressionTest4" time="0"/>
  <testcase name="test2184" classname="RegressionTest4" time="0"/>
  <testcase name="test2185" classname="RegressionTest4" time="0"/>
  <testcase name="test2186" classname="RegressionTest4" time="0"/>
  <testcase name="test2187" classname="RegressionTest4" time="0"/>
  <testcase name="test2188" classname="RegressionTest4" time="0"/>
  <testcase name="test2189" classname="RegressionTest4" time="0.001"/>
  <testcase name="test2190" classname="RegressionTest4" time="0"/>
  <testcase name="test2191" classname="RegressionTest4" time="0"/>
  <testcase name="test2192" classname="RegressionTest4" time="0"/>
  <testcase name="test2193" classname="RegressionTest4" time="0"/>
  <testcase name="test2194" classname="RegressionTest4" time="0"/>
  <testcase name="test2195" classname="RegressionTest4" time="0"/>
  <testcase name="test2196" classname="RegressionTest4" time="0"/>
  <testcase name="test2197" classname="RegressionTest4" time="0"/>
  <testcase name="test2198" classname="RegressionTest4" time="0"/>
  <testcase name="test2199" classname="RegressionTest4" time="0"/>
  <testcase name="test2200" classname="RegressionTest4" time="0"/>
  <testcase name="test2201" classname="RegressionTest4" time="0"/>
  <testcase name="test2202" classname="RegressionTest4" time="0"/>
  <testcase name="test2203" classname="RegressionTest4" time="0"/>
  <testcase name="test2204" classname="RegressionTest4" time="0"/>
  <testcase name="test2205" classname="RegressionTest4" time="0"/>
  <testcase name="test2206" classname="RegressionTest4" time="0"/>
  <testcase name="test2207" classname="RegressionTest4" time="0"/>
  <testcase name="test2208" classname="RegressionTest4" time="0"/>
  <testcase name="test2209" classname="RegressionTest4" time="0"/>
  <testcase name="test2210" classname="RegressionTest4" time="0"/>
  <testcase name="test2211" classname="RegressionTest4" time="0"/>
  <testcase name="test2212" classname="RegressionTest4" time="0"/>
  <testcase name="test2213" classname="RegressionTest4" time="0"/>
  <testcase name="test2214" classname="RegressionTest4" time="0"/>
  <testcase name="test2215" classname="RegressionTest4" time="0"/>
  <testcase name="test2216" classname="RegressionTest4" time="0"/>
  <testcase name="test2217" classname="RegressionTest4" time="0"/>
  <testcase name="test2218" classname="RegressionTest4" time="0"/>
  <testcase name="test2219" classname="RegressionTest4" time="0"/>
  <testcase name="test2220" classname="RegressionTest4" time="0"/>
  <testcase name="test2221" classname="RegressionTest4" time="0"/>
  <testcase name="test2222" classname="RegressionTest4" time="0"/>
  <testcase name="test2223" classname="RegressionTest4" time="0"/>
  <testcase name="test2224" classname="RegressionTest4" time="0"/>
  <testcase name="test2225" classname="RegressionTest4" time="0"/>
  <testcase name="test2226" classname="RegressionTest4" time="0"/>
  <testcase name="test2227" classname="RegressionTest4" time="0"/>
  <testcase name="test2228" classname="RegressionTest4" time="0"/>
  <testcase name="test2229" classname="RegressionTest4" time="0.001"/>
  <testcase name="test2230" classname="RegressionTest4" time="0"/>
  <testcase name="test2231" classname="RegressionTest4" time="0"/>
  <testcase name="test2232" classname="RegressionTest4" time="0"/>
  <testcase name="test2233" classname="RegressionTest4" time="0"/>
  <testcase name="test2234" classname="RegressionTest4" time="0"/>
  <testcase name="test2235" classname="RegressionTest4" time="0"/>
</testsuite>